[1, 0]
[2093, 1]
[6276, 1]
[9065, 1]
[11854, 1]
[14643, 1]
[17431, 1]
[20220, 1]
[23009, 1]
[25798, 1]
[28586, 1]
[31375, 1]
[34164, 1]
[36953, 1]
[39741, 1]
[42530, 1]
[45319, 1]
[48108, 1]
[50896, 1]
[53685, 1]
[56474, 1]
[59263, 1]
[62051, 1]
[64840, 1]
[67629, 1]
[70418, 1]
[73206, 1]
[75995, 1]
[78784, 1]
[81573, 1]
[84361, 1]
[87150, 1]
[89939, 1]
[92728, 1]
[95516, 1]
[98305, 1]
[101094, 1]
[103883, 1]
[106671, 1]
[109460, 1]
[112249, 1]
[115038, 1]
[117826, 1]
[120615, 1]
[123404, 1]
[126193, 1]
[128981, 1]
[131770, 1]
[134559, 1]
[137348, 1]
[140136, 1]
[142925, 1]
[145714, 1]
[148503, 1]
[151291, 1]
[154080, 1]
[156869, 1]
[159658, 1]
[162446, 1]
[165235, 1]
[168024, 1]
[170813, 1]
[173601, 1]
[176390, 1]
[179179, 1]
[181968, 1]
[184756, 1]
[187545, 1]
[190334, 1]
[193123, 1]
[195911, 1]
[198700, 1]
[201489, 1]
[204278, 1]
[207066, 1]
[209855, 1]
[212644, 1]
[215433, 1]
[218221, 1]
[221010, 1]
[223799, 1]
[226588, 1]
[229376, 1]
[232165, 1]
[234954, 1]
[237743, 1]
[240531, 1]
[243320, 1]
[246109, 1]
[248898, 1]
[251686, 1]
[254475, 1]
[257264, 1]
[260053, 1]
[262841, 1]
[265630, 1]
[268419, 1]
[271208, 1]
[273996, 1]
[276785, 1]
[279574, 1]
[282363, 1]
[285151, 1]
[287940, 1]
[290729, 1]
[293518, 1]
[296306, 1]
[299095, 1]
[301884, 1]
[304673, 1]
[307461, 1]
[310250, 1]
[313039, 1]
[315828, 1]
[318616, 1]
[321405, 1]
[324194, 1]
[326983, 1]
[329771, 1]
[332560, 1]
[335349, 1]
[338138, 1]
[340926, 1]
[343715, 1]
[346504, 1]
[349293, 1]
[352081, 1]
[354870, 1]
[357659, 1]
[360448, 1]
[363236, 1]
[366025, 1]
[368814, 1]
[371603, 1]
[374391, 1]
[377180, 1]
[379969, 1]
[382758, 1]
[385546, 1]
[388335, 1]
[391124, 1]
[393913, 1]
[396701, 1]
[399490, 1]
[402279, 1]
[405068, 1]
[407856, 1]
[410645, 1]
[413434, 1]
[416223, 1]
[419011, 1]
[421800, 1]
[424589, 1]
[427378, 1]
[430166, 1]
[432955, 1]
[435744, 1]
[438533, 1]
[441321, 1]
[444110, 1]
[446899, 1]
[449688, 1]
[452476, 1]
[455265, 1]
[458054, 1]
[460843, 1]
[463631, 1]
[467814, 1]
[470603, 1]
[473392, 1]
[476181, 1]
[478969, 1]
[481758, 1]
[484547, 1]
[487336, 1]
[490124, 1]
[492913, 1]
[495702, 1]
[498491, 1]
[501279, 1]
[504068, 1]
[506857, 1]
[509646, 1]
[512434, 1]
[515223, 1]
[518012, 1]
[520801, 1]
[523589, 1]
[525625, 2]
[527408, 1]
[529191, 2]
[530975, 2]
[532758, 2]
[534541, 1]
[536324, 2]
[538108, 2]
[539891, 1]
[541674, 2]
[543457, 2]
[545241, 2]
[547024, 1]
[548807, 2]
[550591, 2]
[552374, 2]
[554157, 1]
[555940, 2]
[557724, 2]
[559507, 1]
[561290, 2]
[563073, 2]
[564857, 2]
[566640, 1]
[568423, 2]
[570207, 2]
[571990, 2]
[573773, 1]
[575556, 2]
[577340, 2]
[579123, 1]
[580906, 2]
[582689, 2]
[584473, 2]
[586256, 1]
[588039, 2]
[589823, 2]
[591606, 2]
[593389, 1]
[595172, 2]
[596956, 2]
[598739, 1]
[600522, 2]
[602305, 2]
[604089, 2]
[605872, 1]
[607655, 2]
[609439, 2]
[611222, 2]
[613005, 1]
[614788, 2]
[616572, 2]
[618355, 1]
[620138, 2]
[621921, 2]
[623705, 2]
[625488, 1]
[627271, 2]
[629055, 2]
[630838, 2]
[632621, 1]
[634404, 2]
[636188, 2]
[637971, 1]
[639754, 2]
[641537, 2]
[643321, 2]
[645104, 1]
[646887, 2]
[648671, 2]
[650454, 2]
[652237, 1]
[654020, 2]
[655804, 2]
[657587, 1]
[659370, 2]
[661153, 2]
[662937, 2]
[664720, 1]
[666503, 2]
[668287, 2]
[670070, 2]
[671853, 1]
[673636, 2]
[675420, 2]
[677203, 1]
[678986, 2]
[680769, 2]
[682553, 2]
[684336, 1]
[686119, 2]
[687903, 2]
[689686, 2]
[691469, 1]
[693252, 2]
[695036, 2]
[696819, 1]
[698602, 2]
[700385, 2]
[702169, 2]
[703952, 1]
[705735, 2]
[707519, 2]
[709302, 2]
[711085, 1]
[712868, 2]
[714652, 2]
[716435, 1]
[718218, 2]
[720001, 2]
[721785, 2]
[723568, 1]
[725351, 2]
[727135, 2]
[728918, 2]
[730701, 1]
[732484, 2]
[734268, 2]
[736051, 1]
[737834, 2]
[739617, 2]
[741401, 2]
[743184, 1]
[744967, 2]
[746751, 2]
[748534, 2]
[750317, 1]
[752100, 2]
[753884, 2]
[755667, 1]
[757450, 2]
[759233, 2]
[761017, 2]
[762800, 1]
[764583, 2]
[766367, 2]
[768150, 2]
[769933, 1]
[771716, 2]
[773500, 2]
[775283, 1]
[777066, 2]
[778849, 2]
[780633, 2]
[782416, 1]
[784199, 2]
[785983, 2]
[787207, 3]
[788243, 4]
[789279, 4]
[790316, 4]
[791352, 1]
[792388, 2]
[793424, 2]
[794460, 3]
[795496, 4]
[796532, 4]
[797569, 4]
[798605, 1]
[799641, 2]
[800677, 2]
[801713, 3]
[803267, 4]
[804304, 4]
[805340, 4]
[806376, 1]
[807412, 2]
[808448, 2]
[809484, 3]
[810520, 4]
[811556, 4]
[812593, 4]
[813629, 1]
[814665, 2]
[815701, 2]
[816737, 3]
[817773, 4]
[818809, 4]
[819846, 4]
[820882, 1]
[821918, 1]
[822954, 2]
[823990, 3]
[825026, 3]
[826062, 4]
[827099, 4]
[828135, 4]
[829171, 1]
[830207, 2]
[831243, 3]
[832279, 3]
[833315, 4]
[834352, 4]
[835388, 4]
[836424, 1]
[837460, 2]
[838496, 3]
[839532, 3]
[840568, 4]
[841605, 4]
[842641, 4]
[843677, 1]
[844713, 2]
[845749, 2]
[846785, 3]
[847821, 4]
[848857, 4]
[849894, 4]
[850930, 1]
[851966, 2]
[853002, 2]
[854038, 3]
[855074, 4]
[856110, 4]
[857147, 4]
[858183, 1]
[859219, 1]
[860255, 2]
[861291, 3]
[862327, 3]
[863363, 4]
[864400, 4]
[865436, 4]
[866472, 1]
[867508, 2]
[868544, 3]
[869580, 3]
[870616, 4]
[871653, 4]
[872689, 4]
[873725, 1]
[874761, 2]
[875797, 3]
[876833, 3]
[877869, 4]
[878906, 4]
[879942, 4]
[880978, 1]
[882014, 2]
[883050, 2]
[884086, 3]
[885122, 4]
[886158, 4]
[887195, 4]
[888231, 1]
[889267, 2]
[890303, 2]
[891339, 3]
[892375, 4]
[893411, 4]
[894448, 4]
[895484, 1]
[896520, 1]
[897556, 2]
[898592, 3]
[899628, 3]
[900664, 4]
[901701, 4]
[902737, 4]
[903773, 1]
[904809, 2]
[905845, 3]
[906881, 3]
[907917, 4]
[908954, 4]
[909990, 4]
[911026, 1]
[912062, 2]
[913098, 3]
[914134, 3]
[915170, 4]
[916207, 4]
[917243, 4]
[917926, 2]
[918490, 8]
[919053, 6]
[919617, 4]
[920181, 2]
[920744, 8]
[921308, 6]
[921872, 4]
[922436, 2]
[922999, 8]
[923563, 6]
[924127, 4]
[924691, 1]
[925254, 8]
[925818, 6]
[926382, 4]
[926946, 1]
[927509, 8]
[928073, 6]
[928637, 3]
[929201, 1]
[929764, 8]
[930328, 6]
[930892, 3]
[931456, 1]
[932019, 8]
[932583, 5]
[933147, 3]
[933711, 1]
[934274, 7]
[934838, 5]
[935402, 3]
[935966, 8]
[936529, 7]
[937093, 5]
[937657, 3]
[938221, 8]
[938784, 7]
[939348, 5]
[939912, 2]
[940476, 8]
[941039, 7]
[941603, 5]
[942167, 2]
[942731, 8]
[943294, 7]
[943858, 4]
[944422, 2]
[944986, 8]
[945549, 7]
[946113, 4]
[946677, 2]
[947241, 8]
[947804, 6]
[948368, 4]
[948932, 2]
[949495, 8]
[950059, 6]
[950623, 4]
[951187, 2]
[951750, 8]
[952314, 6]
[952878, 4]
[953442, 1]
[954005, 8]
[954569, 6]
[955133, 4]
[955697, 1]
[956260, 8]
[956824, 6]
[957388, 3]
[957952, 1]
[958515, 8]
[959361, 4]
[959925, 2]
[960489, 8]
[961052, 7]
[961616, 4]
[962180, 2]
[962744, 8]
[963307, 6]
[963871, 4]
[964435, 2]
[964998, 8]
[965562, 6]
[966126, 4]
[966690, 2]
[967253, 8]
[967817, 6]
[968381, 4]
[968945, 1]
[969508, 8]
[970072, 6]
[970636, 4]
[971200, 1]
[971763, 8]
[972327, 6]
[972891, 3]
[973455, 1]
[974018, 8]
[974582, 6]
[975146, 3]
[975710, 1]
[976273, 8]
[976837, 5]
[977401, 3]
[977965, 1]
[978528, 7]
[979092, 5]
[979656, 3]
[980220, 8]
[980783, 7]
[981347, 5]
[981911, 3]
[982475, 8]
[983038, 7]
[983334, 12]
[983629, 10]
[983924, 8]
[984219, 6]
[984514, 3]
[984809, 1]
[985103, 16]
[985398, 14]
[985693, 12]
[985988, 10]
[986283, 8]
[986578, 5]
[986873, 3]
[987168, 1]
[987462, 16]
[987757, 14]
[988052, 12]
[988347, 10]
[988642, 7]
[988937, 5]
[989232, 3]
[989527, 1]
[989821, 16]
[990116, 14]
[990411, 11]
[990706, 9]
[991001, 7]
[991296, 5]
[991591, 3]
[991886, 1]
[992180, 15]
[992475, 13]
[992770, 11]
[993065, 9]
[993360, 7]
[993655, 5]
[993950, 3]
[994245, 16]
[994539, 15]
[994834, 13]
[995129, 11]
[995424, 9]
[995719, 7]
[996014, 4]
[996309, 2]
[996604, 16]
[996898, 15]
[997193, 13]
[997488, 11]
[997783, 9]
[998078, 6]
[998373, 4]
[998668, 2]
[998963, 16]
[999257, 15]
[999552, 13]
[999847, 11]
[1000142, 8]
[1000437, 6]
[1000732, 4]
[1001027, 2]
[1001322, 16]
[1001616, 15]
[1001911, 12]
[1002206, 10]
[1002501, 8]
[1002796, 6]
[1003091, 4]
[1003386, 2]
[1003680, 16]
[1003975, 14]
[1004270, 12]
[1004565, 10]
[1004860, 8]
[1005155, 6]
[1005450, 4]
[1005745, 2]
[1006039, 16]
[1006334, 14]
[1006629, 12]
[1006924, 10]
[1007219, 8]
[1007514, 6]
[1007809, 3]
[1008104, 1]
[1008398, 16]
[1008693, 14]
[1008988, 12]
[1009283, 10]
[1009578, 8]
[1009873, 5]
[1010168, 3]
[1010463, 1]
[1010757, 16]
[1011052, 14]
[1011347, 12]
[1011642, 10]
[1011937, 7]
[1012232, 5]
[1012527, 3]
[1012822, 1]
[1013116, 16]
[1013411, 14]
[1013706, 11]
[1014001, 9]
[1014296, 7]
[1014591, 5]
[1014886, 3]
[1015181, 1]
[1015475, 15]
[1015770, 13]
[1015940, 12]
[1016091, 9]
[1016242, 6]
[1016393, 4]
[1016544, 1]
[1016694, 31]
[1016845, 28]
[1016996, 25]
[1017147, 23]
[1017298, 20]
[1017449, 17]
[1017600, 14]
[1017751, 12]
[1017902, 9]
[1018053, 6]
[1018204, 3]
[1018355, 32]
[1018505, 31]
[1018656, 28]
[1018807, 25]
[1018958, 22]
[1019109, 20]
[1019260, 17]
[1019411, 14]
[1019562, 11]
[1019713, 9]
[1019864, 6]
[1020015, 3]
[1020166, 32]
[1020316, 30]
[1020467, 28]
[1020694, 7]
[1020845, 4]
[1020996, 2]
[1021146, 32]
[1021297, 29]
[1021448, 26]
[1021599, 23]
[1021750, 21]
[1021901, 18]
[1022052, 15]
[1022203, 12]
[1022354, 10]
[1022505, 7]
[1022656, 4]
[1022807, 1]
[1022957, 31]
[1023108, 29]
[1023259, 26]
[1023410, 23]
[1023561, 20]
[1023712, 18]
[1023863, 15]
[1024014, 12]
[1024165, 9]
[1024316, 7]
[1024467, 4]
[1024618, 1]
[1024768, 31]
[1024919, 28]
[1025070, 26]
[1025221, 23]
[1025372, 20]
[1025523, 17]
[1025674, 15]
[1025825, 12]
[1025976, 9]
[1026127, 6]
[1026278, 4]
[1026429, 1]
[1026579, 31]
[1026730, 28]
[1026881, 25]
[1027032, 23]
[1027183, 20]
[1027334, 17]
[1027485, 14]
[1027636, 12]
[1027787, 9]
[1027938, 6]
[1028089, 3]
[1028240, 32]
[1028390, 31]
[1028541, 28]
[1028692, 25]
[1028843, 22]
[1028994, 20]
[1029145, 17]
[1029296, 14]
[1029447, 11]
[1029598, 9]
[1029749, 6]
[1029900, 3]
[1030051, 32]
[1030201, 30]
[1030352, 28]
[1030503, 25]
[1030654, 22]
[1030805, 19]
[1030956, 17]
[1031107, 14]
[1031258, 11]
[1031409, 8]
[1031560, 6]
[1031711, 3]
[1031862, 32]
[1032012, 30]
[1032163, 27]
[1032254, 39]
[1032330, 62]
[1032407, 21]
[1032483, 44]
[1032560, 3]
[1032636, 26]
[1032712, 49]
[1032789, 8]
[1032865, 31]
[1032941, 54]
[1033018, 13]
[1033094, 36]
[1033170, 60]
[1033247, 18]
[1033323, 41]
[1033400, 64]
[1033476, 23]
[1033552, 46]
[1033629, 5]
[1033705, 28]
[1033781, 52]
[1033858, 10]
[1033934, 33]
[1034010, 57]
[1034087, 15]
[1034163, 38]
[1034239, 62]
[1034316, 20]
[1034392, 43]
[1034469, 2]
[1034545, 25]
[1034621, 49]
[1034698, 7]
[1034774, 30]
[1034850, 54]
[1034927, 12]
[1035003, 35]
[1035079, 59]
[1035156, 17]
[1035232, 40]
[1035308, 64]
[1035385, 22]
[1035461, 45]
[1035538, 4]
[1035614, 27]
[1035690, 51]
[1035767, 9]
[1035843, 32]
[1035919, 56]
[1035996, 14]
[1036072, 37]
[1036148, 61]
[1036225, 19]
[1036301, 42]
[1036378, 1]
[1036454, 24]
[1036530, 48]
[1036607, 6]
[1036683, 29]
[1036759, 53]
[1036836, 11]
[1036912, 34]
[1036988, 58]
[1037065, 16]
[1037141, 39]
[1037217, 63]
[1037294, 21]
[1037370, 44]
[1037447, 3]
[1037523, 26]
[1037599, 50]
[1037676, 8]
[1037752, 31]
[1037828, 55]
[1037905, 13]
[1037981, 36]
[1038057, 60]
[1038134, 18]
[1038210, 41]
[1038287, 64]
[1038363, 23]
[1038439, 46]
[1038516, 5]
[1038592, 28]
[1038668, 52]
[1038745, 10]
[1038821, 33]
[1038897, 57]
[1038974, 15]
[1039050, 38]
[1039126, 62]
[1039203, 20]
[1039279, 43]
[1039356, 2]
[1039432, 25]
[1039508, 49]
[1039585, 7]
[1039661, 30]
[1039737, 54]
[1039814, 12]
[1039890, 35]
[1039966, 59]
[1040043, 17]
[1040157, 52]
[1040234, 11]
[1040310, 34]
[1040385, 122]
[1040424, 46]
[1040462, 98]
[1040501, 22]
[1040539, 75]
[1040577, 128]
[1040616, 52]
[1040654, 104]
[1040693, 28]
[1040731, 81]
[1040770, 5]
[1040808, 57]
[1040846, 110]
[1040885, 34]
[1040923, 87]
[1040962, 11]
[1041000, 63]
[1041038, 116]
[1041077, 40]
[1041115, 93]
[1041154, 16]
[1041192, 69]
[1041230, 122]
[1041269, 46]
[1041307, 98]
[1041346, 22]
[1041384, 75]
[1041422, 128]
[1041461, 51]
[1041499, 104]
[1041538, 28]
[1041576, 81]
[1041615, 5]
[1041653, 57]
[1041691, 110]
[1041730, 34]
[1041768, 87]
[1041807, 10]
[1041845, 63]
[1041883, 116]
[1041922, 40]
[1041960, 92]
[1041999, 16]
[1042037, 69]
[1042075, 122]
[1042114, 45]
[1042152, 98]
[1042191, 22]
[1042229, 75]
[1042267, 127]
[1042306, 51]
[1042344, 104]
[1042383, 28]
[1042421, 81]
[1042460, 4]
[1042498, 57]
[1042536, 110]
[1042575, 34]
[1042613, 86]
[1042652, 10]
[1042690, 63]
[1042728, 116]
[1042767, 39]
[1042805, 92]
[1042844, 16]
[1042882, 69]
[1042920, 121]
[1042959, 45]
[1042997, 98]
[1043036, 22]
[1043074, 75]
[1043112, 127]
[1043151, 51]
[1043189, 104]
[1043228, 28]
[1043266, 80]
[1043305, 4]
[1043343, 57]
[1043381, 110]
[1043420, 33]
[1043458, 86]
[1043497, 10]
[1043535, 63]
[1043573, 115]
[1043612, 39]
[1043650, 92]
[1043689, 16]
[1043727, 69]
[1043765, 121]
[1043804, 45]
[1043842, 98]
[1043881, 22]
[1043919, 74]
[1043957, 127]
[1043996, 51]
[1044034, 104]
[1044073, 27]
[1044111, 80]
[1044150, 4]
[1044188, 57]
[1044226, 109]
[1044265, 33]
[1044303, 86]
[1044342, 10]
[1044380, 63]
[1044418, 115]
[1044457, 39]
[1044488, 97]
[1044507, 165]
[1044526, 232]
[1044546, 42]
[1044565, 110]
[1044584, 177]
[1044603, 245]
[1044623, 55]
[1044642, 123]
[1044661, 190]
[1044681, 256]
[1044700, 68]
[1044719, 135]
[1044738, 203]
[1044758, 13]
[1044777, 81]
[1044796, 148]
[1044815, 215]
[1044835, 26]
[1044854, 93]
[1044873, 161]
[1044892, 228]
[1044912, 38]
[1044931, 106]
[1044950, 173]
[1044969, 241]
[1044989, 51]
[1045008, 119]
[1045027, 186]
[1045046, 253]
[1045066, 64]
[1045085, 131]
[1045104, 199]
[1045124, 9]
[1045143, 77]
[1045162, 144]
[1045181, 211]
[1045201, 22]
[1045220, 89]
[1045239, 157]
[1045258, 224]
[1045278, 34]
[1045297, 102]
[1045316, 169]
[1045335, 237]
[1045355, 47]
[1045374, 115]
[1045393, 182]
[1045412, 249]
[1045432, 60]
[1045451, 127]
[1045470, 195]
[1045490, 5]
[1045509, 73]
[1045528, 140]
[1045547, 207]
[1045567, 18]
[1045586, 85]
[1045605, 153]
[1045624, 220]
[1045644, 30]
[1045663, 98]
[1045682, 165]
[1045701, 233]
[1045721, 43]
[1045740, 111]
[1045769, 83]
[1045788, 151]
[1045807, 218]
[1045827, 28]
[1045846, 96]
[1045865, 163]
[1045884, 231]
[1045904, 41]
[1045923, 109]
[1045942, 176]
[1045961, 243]
[1045981, 54]
[1046000, 121]
[1046019, 189]
[1046038, 256]
[1046058, 66]
[1046077, 134]
[1046096, 201]
[1046116, 12]
[1046135, 79]
[1046154, 147]
[1046173, 214]
[1046193, 24]
[1046212, 92]
[1046231, 159]
[1046250, 227]
[1046270, 37]
[1046289, 105]
[1046308, 172]
[1046327, 239]
[1046347, 50]
[1046366, 117]
[1046385, 185]
[1046404, 252]
[1046424, 62]
[1046443, 130]
[1046462, 197]
[1046482, 8]
[1046501, 75]
[1046520, 143]
[1046534, 214]
[1046544, 32]
[1046553, 363]
[1046563, 182]
[1046573, 512]
[1046582, 331]
[1046592, 149]
[1046601, 481]
[1046611, 299]
[1046621, 117]
[1046630, 448]
[1046640, 267]
[1046650, 85]
[1046659, 416]
[1046669, 234]
[1046679, 53]
[1046688, 384]
[1046698, 202]
[1046708, 20]
[1046717, 352]
[1046727, 170]
[1046736, 501]
[1046746, 319]
[1046756, 138]
[1046765, 469]
[1046775, 287]
[1046785, 105]
[1046794, 437]
[1046804, 255]
[1046814, 73]
[1046823, 404]
[1046833, 223]
[1046843, 41]
[1046852, 372]
[1046862, 190]
[1046872, 9]
[1046881, 340]
[1046891, 158]
[1046900, 489]
[1046910, 308]
[1046920, 126]
[1046929, 457]
[1046939, 275]
[1046949, 94]
[1046958, 425]
[1046968, 243]
[1046978, 61]
[1046987, 393]
[1046997, 211]
[1047007, 29]
[1047016, 360]
[1047026, 179]
[1047035, 510]
[1047045, 328]
[1047055, 146]
[1047064, 478]
[1047074, 296]
[1047084, 114]
[1047093, 445]
[1047103, 264]
[1047113, 82]
[1047122, 413]
[1047132, 231]
[1047142, 50]
[1047151, 381]
[1047161, 199]
[1047171, 17]
[1047180, 349]
[1047190, 167]
[1047199, 498]
[1047209, 316]
[1047219, 135]
[1047228, 466]
[1047238, 284]
[1047248, 102]
[1047257, 434]
[1047267, 252]
[1047277, 70]
[1047286, 401]
[1047296, 220]
[1047306, 38]
[1047315, 369]
[1047325, 187]
[1047335, 6]
[1047344, 337]
[1047354, 155]
[1047363, 486]
[1047373, 305]
[1047383, 123]
[1047392, 454]
[1047402, 272]
[1047412, 91]
[1047421, 422]
[1047431, 240]
[1047441, 58]
[1047450, 390]
[1047460, 208]
[1047470, 26]
[1047479, 357]
[1047489, 176]
[1047498, 507]
[1047508, 325]
[1047518, 143]
[1047527, 475]
[1047537, 293]
[1047547, 111]
[1047554, 956]
[1047559, 778]
[1047564, 600]
[1047569, 422]
[1047574, 245]
[1047579, 67]
[1047583, 914]
[1047588, 736]
[1047593, 558]
[1047598, 380]
[1047603, 202]
[1047608, 25]
[1047612, 872]
[1047617, 694]
[1047622, 516]
[1047627, 338]
[1047632, 160]
[1047636, 1007]
[1047641, 829]
[1047646, 652]
[1047651, 474]
[1047656, 296]
[1047661, 118]
[1047665, 965]
[1047670, 787]
[1047675, 609]
[1047680, 432]
[1047685, 254]
[1047690, 76]
[1047697, 322]
[1047702, 144]
[1047706, 991]
[1047711, 813]
[1047716, 635]
[1047721, 457]
[1047726, 279]
[1047731, 102]
[1047735, 949]
[1047740, 771]
[1047745, 593]
[1047750, 415]
[1047755, 237]
[1047760, 59]
[1047764, 906]
[1047769, 729]
[1047774, 551]
[1047779, 373]
[1047784, 195]
[1047789, 17]
[1047793, 864]
[1047798, 686]
[1047803, 509]
[1047808, 331]
[1047813, 153]
[1047817, 1000]
[1047822, 822]
[1047827, 644]
[1047832, 466]
[1047837, 289]
[1047842, 111]
[1047846, 958]
[1047851, 780]
[1047856, 602]
[1047861, 424]
[1047866, 246]
[1047871, 69]
[1047875, 916]
[1047880, 738]
[1047885, 560]
[1047890, 382]
[1047895, 204]
[1047900, 26]
[1047904, 873]
[1047909, 696]
[1047914, 518]
[1047919, 340]
[1047924, 162]
[1047928, 1009]
[1047933, 831]
[1047938, 653]
[1047943, 476]
[1047948, 298]
[1047953, 120]
[1047957, 967]
[1047962, 789]
[1047967, 611]
[1047972, 433]
[1047977, 256]
[1047982, 78]
[1047986, 925]
[1047991, 747]
[1047996, 569]
[1048001, 391]
[1048006, 213]
[1048011, 36]
[1048015, 883]
[1048020, 705]
[1048025, 527]
[1048030, 349]
[1048035, 171]
[1048039, 1018]
[1048044, 840]
[1048049, 663]
[1048054, 485]
[1048059, 307]
[1048064, 129]
[1048066, 2002]
[1048069, 801]
[1048071, 1650]
[1048074, 450]
[1048076, 1298]
[1048079, 98]
[1048081, 946]
[1048083, 1795]
[1048086, 595]
[1048088, 1443]
[1048091, 243]
[1048093, 1091]
[1048095, 1940]
[1048098, 740]
[1048100, 1588]
[1048103, 388]
[1048105, 1236]
[1048108, 36]
[1048110, 885]
[1048112, 1733]
[1048115, 533]
[1048117, 1381]
[1048120, 181]
[1048122, 1030]
[1048124, 1878]
[1048127, 678]
[1048129, 1526]
[1048132, 326]
[1048134, 1175]
[1048136, 2023]
[1048139, 823]
[1048141, 1671]
[1048144, 471]
[1048146, 1320]
[1048149, 119]
[1048151, 968]
[1048153, 1817]
[1048156, 616]
[1048158, 1465]
[1048161, 265]
[1048163, 1113]
[1048165, 1962]
[1048168, 761]
[1048170, 1610]
[1048173, 410]
[1048175, 1258]
[1048178, 58]
[1048180, 907]
[1048182, 1755]
[1048185, 555]
[1048187, 1403]
[1048190, 203]
[1048192, 1052]
[1048194, 1900]
[1048197, 700]
[1048199, 1548]
[1048202, 348]
[1048204, 1197]
[1048206, 2045]
[1048209, 845]
[1048211, 1693]
[1048214, 493]
[1048216, 1342]
[1048219, 141]
[1048221, 990]
[1048223, 1839]
[1048226, 638]
[1048228, 1487]
[1048231, 287]
[1048233, 1135]
[1048235, 1984]
[1048238, 783]
[1048240, 1632]
[1048243, 432]
[1048245, 1280]
[1048248, 80]
[1048250, 929]
[1048252, 1777]
[1048255, 577]
[1048257, 1425]
[1048260, 225]
[1048262, 1074]
[1048264, 1922]
[1048267, 722]
[1048269, 1570]
[1048272, 370]
[1048274, 1219]
[1048277, 18]
[1048279, 867]
[1048281, 1716]
[1048284, 515]
[1048286, 1364]
[1048289, 164]
[1048291, 1012]
[1048293, 1861]
[1048296, 660]
[1048298, 1509]
[1048301, 309]
[1048303, 1157]
[1048307, 381]
[1048309, 1230]
[1048312, 30]
[1048314, 878]
[1048316, 1727]
[1048319, 526]
[1048321, 1375]
[1048322, 2224]
[1048323, 3074]
[1048324, 3923]
[1048326, 676]
[1048327, 1525]
[1048328, 2374]
[1048329, 3223]
[1048330, 4073]
[1048332, 825]
[1048333, 1674]
[1048334, 2524]
[1048335, 3373]
[1048337, 126]
[1048338, 975]
[1048339, 1824]
[1048340, 2673]
[1048341, 3523]
[1048343, 275]
[1048344, 1124]
[1048345, 1974]
[1048346, 2823]
[1048347, 3672]
[1048349, 425]
[1048350, 1274]
[1048351, 2123]
[1048352, 2973]
[1048353, 3822]
[1048355, 575]
[1048356, 1424]
[1048357, 2273]
[1048358, 3122]
[1048359, 3972]
[1048361, 724]
[1048362, 1573]
[1048363, 2423]
[1048364, 3272]
[1048366, 25]
[1048367, 874]
[1048368, 1723]
[1048369, 2572]
[1048370, 3422]
[1048372, 174]
[1048373, 1023]
[1048374, 1873]
[1048375, 2722]
[1048376, 3571]
[1048378, 324]
[1048379, 1173]
[1048380, 2022]
[1048381, 2872]
[1048382, 3721]
[1048384, 474]
[1048385, 1323]
[1048386, 2172]
[1048387, 3021]
[1048388, 3871]
[1048390, 623]
[1048391, 1472]
[1048392, 2322]
[1048393, 3171]
[1048394, 4020]
[1048396, 773]
[1048397, 1622]
[1048398, 2471]
[1048399, 3321]
[1048401, 73]
[1048402, 922]
[1048403, 1772]
[1048404, 2621]
[1048405, 3470]
[1048407, 223]
[1048408, 1072]
[1048409, 1921]
[1048410, 2771]
[1048411, 3620]
[1048413, 373]
[1048414, 1222]
[1048415, 2071]
[1048416, 2920]
[1048417, 3770]
[1048419, 522]
[1048420, 1371]
[1048421, 2221]
[1048422, 3070]
[1048423, 3919]
[1048425, 672]
[1048426, 1521]
[1048427, 2370]
[1048428, 3220]
[1048429, 4069]
[1048431, 822]
[1048432, 1671]
[1048433, 2520]
[1048434, 3369]
[1048436, 122]
[1048437, 971]
[1048438, 1821]
[1048439, 2670]
[1048440, 3519]
[1048442, 272]
[1048443, 1121]
[1048444, 1970]
[1048445, 2820]
[1048446, 3669]
[1048448, 422]
[1048449, 1271]
[1048449, 6217]
[1048450, 2970]
[1048450, 7916]
[1048451, 4669]
[1048452, 1423]
[1048452, 6369]
[1048453, 3122]
[1048453, 8068]
[1048454, 4821]
[1048455, 1575]
[1048455, 6521]
[1048456, 3274]
[1048457, 27]
[1048457, 4974]
[1048458, 1727]
[1048458, 6673]
[1048459, 3426]
[1048460, 179]
[1048460, 5126]
[1048461, 1879]
[1048461, 6825]
[1048462, 3578]
[1048463, 331]
[1048463, 5278]
[1048464, 2031]
[1048464, 6977]
[1048465, 3730]
[1048466, 483]
[1048466, 5430]
[1048467, 2183]
[1048467, 7129]
[1048468, 3882]
[1048469, 635]
[1048469, 5582]
[1048470, 2335]
[1048470, 7281]
[1048471, 4034]
[1048472, 787]
[1048472, 5734]
[1048473, 2487]
[1048473, 7433]
[1048474, 4186]
[1048475, 939]
[1048475, 5886]
[1048476, 2639]
[1048476, 7585]
[1048477, 4338]
[1048478, 1091]
[1048478, 6038]
[1048479, 2791]
[1048479, 7737]
[1048480, 4490]
[1048481, 1243]
[1048481, 6190]
[1048482, 2943]
[1048482, 7889]
[1048483, 4642]
[1048484, 1395]
[1048484, 6342]
[1048485, 3095]
[1048485, 8041]
[1048486, 4794]
[1048487, 4020]
[1048488, 774]
[1048488, 5720]
[1048489, 2473]
[1048489, 7419]
[1048490, 4172]
[1048491, 926]
[1048491, 5872]
[1048492, 2625]
[1048492, 7571]
[1048493, 4324]
[1048494, 1078]
[1048494, 6024]
[1048495, 2777]
[1048495, 7723]
[1048496, 4476]
[1048497, 1230]
[1048497, 6176]
[1048498, 2929]
[1048498, 7875]
[1048499, 4628]
[1048500, 1382]
[1048500, 6328]
[1048501, 3081]
[1048501, 8027]
[1048502, 4780]
[1048503, 1534]
[1048503, 6480]
[1048504, 3233]
[1048504, 8179]
[1048505, 4932]
[1048506, 1686]
[1048506, 6632]
[1048507, 3385]
[1048508, 138]
[1048508, 5085]
[1048509, 1838]
[1048509, 6784]
[1048510, 3537]
[1048511, 290]
[1048511, 5237]
[1048512, 1990]
[1048512, 6936]
[1048513, 3689]
[1048513, 8635]
[1048513, 13581]
[1048514, 2142]
[1048514, 7089]
[1048514, 12035]
[1048515, 596]
[1048515, 5542]
[1048515, 10488]
[1048515, 15434]
[1048516, 3995]
[1048516, 8942]
[1048516, 13888]
[1048517, 2449]
[1048517, 7395]
[1048517, 12341]
[1048518, 902]
[1048518, 5849]
[1048518, 10795]
[1048518, 15741]
[1048519, 4302]
[1048519, 9248]
[1048519, 14194]
[1048520, 2755]
[1048520, 7702]
[1048520, 12648]
[1048521, 1209]
[1048521, 6155]
[1048521, 11101]
[1048521, 16047]
[1048522, 4608]
[1048522, 9555]
[1048522, 14501]
[1048523, 3062]
[1048523, 8008]
[1048523, 12954]
[1048524, 1515]
[1048524, 6462]
[1048524, 11408]
[1048524, 16354]
[1048525, 4915]
[1048525, 9861]
[1048525, 14807]
[1048526, 3368]
[1048526, 8315]
[1048526, 13261]
[1048527, 1822]
[1048527, 6768]
[1048527, 11714]
[1048528, 275]
[1048528, 5222]
[1048528, 10168]
[1048528, 15114]
[1048529, 3675]
[1048529, 8621]
[1048529, 13567]
[1048530, 2128]
[1048530, 7075]
[1048530, 12021]
[1048531, 582]
[1048531, 5528]
[1048531, 10474]
[1048531, 15420]
[1048532, 3981]
[1048532, 8928]
[1048532, 13874]
[1048533, 2435]
[1048533, 7381]
[1048533, 12327]
[1048534, 888]
[1048534, 5835]
[1048534, 10781]
[1048534, 15727]
[1048535, 4288]
[1048535, 9234]
[1048535, 14180]
[1048536, 2741]
[1048536, 7688]
[1048536, 12634]
[1048537, 1195]
[1048537, 6141]
[1048537, 11087]
[1048537, 16033]
[1048538, 4594]
[1048538, 9541]
[1048538, 14487]
[1048539, 3048]
[1048539, 7994]
[1048539, 12940]
[1048540, 1501]
[1048540, 6448]
[1048540, 11394]
[1048540, 16340]
[1048541, 4901]
[1048541, 9847]
[1048541, 14793]
[1048542, 3354]
[1048542, 8301]
[1048542, 13247]
[1048543, 1808]
[1048543, 6754]
[1048543, 11700]
[1048544, 261]
[1048544, 5208]
[1048544, 10154]
[1048544, 15100]
[1048545, 3661]
[1048545, 8607]
[1048545, 13553]
[1048545, 18499]
[1048545, 23445]
[1048545, 28391]
[1048546, 568]
[1048546, 5515]
[1048546, 10461]
[1048546, 15407]
[1048546, 20353]
[1048546, 25299]
[1048546, 30245]
[1048547, 2422]
[1048547, 7368]
[1048547, 12314]
[1048547, 17260]
[1048547, 22206]
[1048547, 27152]
[1048547, 32098]
[1048548, 4275]
[1048548, 9222]
[1048548, 14168]
[1048548, 19114]
[1048548, 24060]
[1048548, 29006]
[1048549, 3656]
[1048549, 8602]
[1048549, 13548]
[1048549, 18494]
[1048549, 23440]
[1048549, 28386]
[1048550, 563]
[1048550, 5510]
[1048550, 10456]
[1048550, 15402]
[1048550, 20348]
[1048550, 25294]
[1048550, 30240]
[1048551, 2417]
[1048551, 7363]
[1048551, 12309]
[1048551, 17255]
[1048551, 22201]
[1048551, 27147]
[1048551, 32093]
[1048552, 4270]
[1048552, 9217]
[1048552, 14163]
[1048552, 19109]
[1048552, 24055]
[1048552, 29001]
[1048553, 1178]
[1048553, 6124]
[1048553, 11070]
[1048553, 16016]
[1048553, 20962]
[1048553, 25908]
[1048553, 30854]
[1048554, 3031]
[1048554, 7978]
[1048554, 12924]
[1048554, 17870]
[1048554, 22816]
[1048554, 27762]
[1048554, 32708]
[1048555, 4885]
[1048555, 9831]
[1048555, 14777]
[1048555, 19723]
[1048555, 24669]
[1048555, 29615]
[1048556, 1792]
[1048556, 6739]
[1048556, 11685]
[1048556, 16631]
[1048556, 21577]
[1048556, 26523]
[1048556, 31469]
[1048557, 3646]
[1048557, 8592]
[1048557, 13538]
[1048557, 18484]
[1048557, 23430]
[1048557, 28376]
[1048558, 553]
[1048558, 5500]
[1048558, 10446]
[1048558, 15392]
[1048558, 20338]
[1048558, 25284]
[1048558, 30230]
[1048559, 2407]
[1048559, 7353]
[1048559, 12299]
[1048559, 17245]
[1048559, 22191]
[1048559, 27137]
[1048559, 32083]
[1048560, 4260]
[1048560, 9207]
[1048560, 14153]
[1048560, 19099]
[1048560, 24045]
[1048560, 28991]
[1048561, 1168]
[1048561, 6114]
[1048561, 11060]
[1048561, 16006]
[1048561, 20952]
[1048561, 25898]
[1048561, 30844]
[1048561, 35790]
[1048561, 40736]
[1048561, 45682]
[1048561, 50628]
[1048561, 55574]
[1048561, 60520]
[1048561, 65466]
[1048562, 4875]
[1048562, 9822]
[1048562, 14768]
[1048562, 19714]
[1048562, 24660]
[1048562, 29606]
[1048562, 34552]
[1048562, 39498]
[1048562, 44444]
[1048562, 49390]
[1048562, 54336]
[1048562, 59282]
[1048562, 64228]
[1048563, 3637]
[1048563, 8583]
[1048563, 13529]
[1048563, 18475]
[1048563, 23421]
[1048563, 28367]
[1048563, 33313]
[1048563, 38259]
[1048563, 43205]
[1048563, 48151]
[1048563, 53097]
[1048563, 58043]
[1048563, 62989]
[1048564, 2398]
[1048564, 7345]
[1048564, 12291]
[1048564, 17237]
[1048564, 22183]
[1048564, 27129]
[1048564, 32075]
[1048564, 37021]
[1048564, 41967]
[1048564, 46913]
[1048564, 51859]
[1048564, 56805]
[1048564, 61751]
[1048565, 1160]
[1048565, 6106]
[1048565, 11052]
[1048565, 15998]
[1048565, 20944]
[1048565, 25890]
[1048565, 30836]
[1048565, 35782]
[1048565, 40728]
[1048565, 45674]
[1048565, 50620]
[1048565, 55566]
[1048565, 60512]
[1048565, 65458]
[1048566, 4867]
[1048566, 9814]
[1048566, 14760]
[1048566, 19706]
[1048566, 24652]
[1048566, 29598]
[1048566, 34544]
[1048566, 39490]
[1048566, 44436]
[1048566, 49382]
[1048566, 54328]
[1048566, 59274]
[1048566, 64220]
[1048567, 3629]
[1048567, 8575]
[1048567, 13521]
[1048567, 18467]
[1048567, 23413]
[1048567, 28359]
[1048567, 33305]
[1048567, 38251]
[1048567, 43197]
[1048567, 48143]
[1048567, 53089]
[1048567, 58035]
[1048567, 62981]
[1048568, 2390]
[1048568, 7337]
[1048568, 12283]
[1048568, 17229]
[1048568, 24648]
[1048568, 29594]
[1048568, 34540]
[1048568, 39486]
[1048568, 44432]
[1048568, 49378]
[1048568, 54324]
[1048568, 59270]
[1048568, 64216]
[1048569, 3625]
[1048569, 8571]
[1048569, 13517]
[1048569, 18463]
[1048569, 23409]
[1048569, 28355]
[1048569, 33301]
[1048569, 38247]
[1048569, 43193]
[1048569, 48139]
[1048569, 53085]
[1048569, 58031]
[1048569, 62977]
[1048569, 67923]
[1048569, 72869]
[1048569, 77815]
[1048569, 82761]
[1048569, 87707]
[1048569, 92653]
[1048569, 97599]
[1048569, 102545]
[1048569, 107491]
[1048569, 112437]
[1048569, 117383]
[1048569, 122329]
[1048569, 127275]
[1048570, 1148]
[1048570, 6095]
[1048570, 11041]
[1048570, 15987]
[1048570, 20933]
[1048570, 25879]
[1048570, 30825]
[1048570, 35771]
[1048570, 40717]
[1048570, 45663]
[1048570, 50609]
[1048570, 55555]
[1048570, 60501]
[1048570, 65447]
[1048570, 70393]
[1048570, 75339]
[1048570, 80285]
[1048570, 85231]
[1048570, 90177]
[1048570, 95123]
[1048570, 100069]
[1048570, 105015]
[1048570, 109961]
[1048570, 114907]
[1048570, 119853]
[1048570, 124799]
[1048570, 129745]
[1048571, 3618]
[1048571, 8564]
[1048571, 13510]
[1048571, 18456]
[1048571, 23402]
[1048571, 28348]
[1048571, 33294]
[1048571, 38240]
[1048571, 43186]
[1048571, 48132]
[1048571, 53078]
[1048571, 58024]
[1048571, 62970]
[1048571, 67916]
[1048571, 72862]
[1048571, 77808]
[1048571, 82754]
[1048571, 87700]
[1048571, 92646]
[1048571, 97592]
[1048571, 102538]
[1048571, 107484]
[1048571, 112430]
[1048571, 117376]
[1048571, 122322]
[1048571, 127268]
[1048572, 1141]
[1048572, 6088]
[1048572, 11034]
[1048572, 15980]
[1048572, 20926]
[1048572, 25872]
[1048572, 30818]
[1048572, 35764]
[1048572, 40710]
[1048572, 45656]
[1048572, 50602]
[1048572, 55548]
[1048572, 60494]
[1048572, 65440]
[1048572, 70386]
[1048572, 75332]
[1048572, 80278]
[1048572, 85224]
[1048572, 90170]
[1048572, 95116]
[1048572, 100062]
[1048572, 105008]
[1048572, 109954]
[1048572, 114900]
[1048572, 119846]
[1048572, 124792]
[1048572, 129738]
[1048573, 3611]
[1048573, 8557]
[1048573, 13503]
[1048573, 18449]
[1048573, 23395]
[1048573, 28341]
[1048573, 33287]
[1048573, 38233]
[1048573, 43179]
[1048573, 48125]
[1048573, 53071]
[1048573, 58017]
[1048573, 62963]
[1048573, 67909]
[1048573, 72855]
[1048573, 77801]
[1048573, 82747]
[1048573, 87693]
[1048573, 92639]
[1048573, 97585]
[1048573, 102531]
[1048573, 107477]
[1048573, 112423]
[1048573, 117369]
[1048573, 122315]
[1048573, 127261]
[1048573, 132207]
[1048573, 137153]
[1048573, 142099]
[1048573, 147045]
[1048573, 151991]
[1048573, 156937]
[1048573, 161883]
[1048573, 166829]
[1048573, 171775]
[1048573, 176721]
[1048573, 181667]
[1048573, 186613]
[1048573, 191559]
[1048573, 196505]
[1048573, 201451]
[1048573, 206397]
[1048573, 211343]
[1048573, 216289]
[1048573, 221235]
[1048573, 226181]
[1048573, 231127]
[1048573, 236073]
[1048573, 241019]
[1048573, 245965]
[1048573, 250911]
[1048573, 255857]
[1048573, 260803]
[1048574, 3604]
[1048574, 8551]
[1048574, 13497]
[1048574, 18443]
[1048574, 23389]
[1048574, 28335]
[1048574, 33281]
[1048574, 40700]
[1048574, 45646]
[1048574, 50592]
[1048574, 55538]
[1048574, 60484]
[1048574, 65430]
[1048574, 70376]
[1048574, 75322]
[1048574, 80268]
[1048574, 85214]
[1048574, 90160]
[1048574, 95106]
[1048574, 100052]
[1048574, 104998]
[1048574, 109944]
[1048574, 114890]
[1048574, 119836]
[1048574, 124782]
[1048574, 129728]
[1048574, 134674]
[1048574, 139620]
[1048574, 144566]
[1048574, 149512]
[1048574, 154458]
[1048574, 159404]
[1048574, 164350]
[1048574, 169296]
[1048574, 174242]
[1048574, 179188]
[1048574, 184134]
[1048574, 189080]
[1048574, 194026]
[1048574, 198972]
[1048574, 203918]
[1048574, 208864]
[1048574, 213810]
[1048574, 218756]
[1048574, 223702]
[1048574, 228648]
[1048574, 233594]
[1048574, 238540]
[1048574, 243486]
[1048574, 248432]
[1048574, 253378]
[1048574, 258324]
[1048575, 1125]
[1048575, 6071]
[1048575, 11017]
[1048575, 15963]
[1048575, 20909]
[1048575, 25855]
[1048575, 30801]
[1048575, 35747]
[1048575, 40693]
[1048575, 45639]
[1048575, 50585]
[1048575, 55531]
[1048575, 60477]
[1048575, 65423]
[1048575, 70369]
[1048575, 75315]
[1048575, 80261]
[1048575, 85207]
[1048575, 90153]
[1048575, 95099]
[1048575, 100045]
[1048575, 104991]
[1048575, 109937]
[1048575, 114883]
[1048575, 119829]
[1048575, 124775]
[1048575, 129721]
[1048575, 134667]
[1048575, 139613]
[1048575, 144559]
[1048575, 149505]
[1048575, 154451]
[1048575, 159397]
[1048575, 164343]
[1048575, 169289]
[1048575, 174235]
[1048575, 179181]
[1048575, 184127]
[1048575, 189073]
[1048575, 194019]
[1048575, 198965]
[1048575, 203911]
[1048575, 208857]
[1048575, 213803]
[1048575, 218749]
[1048575, 223695]
[1048575, 228641]
[1048575, 233587]
[1048575, 238533]
[1048575, 243479]
[1048575, 248425]
[1048575, 253371]
[1048575, 258317]
[1048575, 263263]
[1048575, 268209]
[1048575, 273155]
[1048575, 278101]
[1048575, 283047]
[1048575, 287993]
[1048575, 292939]
[1048575, 297885]
[1048575, 302831]
[1048575, 307777]
[1048575, 312723]
[1048575, 317669]
[1048575, 322615]
[1048575, 327561]
[1048575, 332507]
[1048575, 337453]
[1048575, 342399]
[1048575, 347345]
[1048575, 352291]
[1048575, 357237]
[1048575, 362183]
[1048575, 367129]
[1048575, 372075]
[1048575, 377021]
[1048575, 381967]
[1048575, 386913]
[1048575, 391859]
[1048575, 396805]
[1048575, 401751]
[1048575, 406697]
[1048575, 411643]
[1048575, 416589]
[1048575, 421535]
[1048575, 426481]
[1048575, 431427]
[1048575, 436373]
[1048575, 441319]
[1048575, 446265]
[1048575, 451211]
[1048575, 456157]
[1048575, 461103]
[1048575, 466049]
[1048575, 470995]
[1048575, 475941]
[1048575, 480887]
[1048575, 485833]
[1048575, 490779]
[1048575, 495725]
[1048575, 500671]
[1048575, 505617]
[1048575, 510563]
[1048575, 515509]
[1048575, 520455]
[1, 0]
[2789, 1]
[5578, 1]
[8367, 1]
[11156, 1]
[13944, 1]
[16733, 1]
[19522, 1]
[22311, 1]
[25099, 1]
[27888, 1]
[30677, 1]
[33466, 1]
[36254, 1]
[39043, 1]
[41832, 1]
[44621, 1]
[47409, 1]
[50198, 1]
[52987, 1]
[55776, 1]
[58564, 1]
[61353, 1]
[64142, 1]
[66931, 1]
[69719, 1]
[72508, 1]
[75297, 1]
[78086, 1]
[80874, 1]
[83663, 1]
[86452, 1]
[89241, 1]
[92029, 1]
[94818, 1]
[97607, 1]
[100396, 1]
[103184, 1]
[105973, 1]
[108762, 1]
[111551, 1]
[114339, 1]
[117128, 1]
[119917, 1]
[122706, 1]
[125494, 1]
[128283, 1]
[131072, 1]
[133861, 1]
[136649, 1]
[139438, 1]
[142227, 1]
[145016, 1]
[147804, 1]
[150593, 1]
[153382, 1]
[156171, 1]
[158959, 1]
[161748, 1]
[164537, 1]
[167326, 1]
[170114, 1]
[172903, 1]
[175692, 1]
[178481, 1]
[181269, 1]
[184058, 1]
[186847, 1]
[189636, 1]
[192424, 1]
[195213, 1]
[198002, 1]
[200791, 1]
[203579, 1]
[206368, 1]
[209157, 1]
[211946, 1]
[214734, 1]
[217523, 1]
[220312, 1]
[223101, 1]
[225889, 1]
[228678, 1]
[231467, 1]
[234256, 1]
[237044, 1]
[239833, 1]
[242622, 1]
[245411, 1]
[248199, 1]
[250988, 1]
[253777, 1]
[256566, 1]
[259354, 1]
[262143, 1]
[264932, 1]
[267721, 1]
[270509, 1]
[273298, 1]
[276087, 1]
[278876, 1]
[281664, 1]
[284453, 1]
[287242, 1]
[290031, 1]
[292819, 1]
[295608, 1]
[298397, 1]
[301186, 1]
[303974, 1]
[306763, 1]
[309552, 1]
[312341, 1]
[315129, 1]
[317918, 1]
[320707, 1]
[323496, 1]
[326284, 1]
[329073, 1]
[331862, 1]
[334651, 1]
[337439, 1]
[340228, 1]
[343017, 1]
[345806, 1]
[348594, 1]
[351383, 1]
[354172, 1]
[356961, 1]
[359749, 1]
[362538, 1]
[365327, 1]
[368116, 1]
[370904, 1]
[373693, 1]
[376482, 1]
[379271, 1]
[382059, 1]
[384848, 1]
[387637, 1]
[390426, 1]
[393214, 1]
[396003, 1]
[398792, 1]
[401581, 1]
[404369, 1]
[407158, 1]
[409947, 1]
[412736, 1]
[415524, 1]
[418313, 1]
[421102, 1]
[423891, 1]
[426679, 1]
[429468, 1]
[432257, 1]
[435046, 1]
[437834, 1]
[440623, 1]
[443412, 1]
[446201, 1]
[448989, 1]
[451778, 1]
[454567, 1]
[457356, 1]
[460144, 1]
[462933, 1]
[465722, 1]
[468511, 1]
[471299, 1]
[474088, 1]
[476877, 1]
[479666, 1]
[482454, 1]
[485243, 1]
[488032, 1]
[490821, 1]
[493609, 1]
[496398, 1]
[499187, 1]
[501976, 1]
[504764, 1]
[507553, 1]
[510342, 1]
[513131, 1]
[515919, 1]
[518708, 1]
[521497, 1]
[524286, 1]
[526070, 1]
[527853, 2]
[529637, 2]
[531420, 2]
[533203, 1]
[534986, 2]
[536770, 2]
[538553, 1]
[540336, 2]
[542119, 2]
[543903, 2]
[545686, 1]
[547469, 2]
[549253, 2]
[551036, 2]
[552819, 1]
[554602, 2]
[556386, 2]
[558169, 1]
[559952, 2]
[561735, 2]
[563519, 2]
[565302, 1]
[567085, 2]
[568869, 2]
[570652, 2]
[572435, 1]
[574218, 2]
[576002, 2]
[577785, 1]
[579568, 2]
[581351, 2]
[583135, 2]
[584918, 1]
[586701, 2]
[588485, 2]
[590268, 2]
[592051, 1]
[593834, 2]
[595618, 2]
[597401, 1]
[599184, 2]
[600967, 2]
[602751, 2]
[604534, 1]
[606317, 2]
[608101, 2]
[609884, 2]
[611667, 1]
[613450, 2]
[615234, 2]
[617017, 1]
[618800, 2]
[620583, 2]
[622367, 2]
[624150, 1]
[625933, 2]
[627717, 2]
[629500, 2]
[631283, 1]
[633066, 2]
[634850, 2]
[636633, 1]
[638416, 2]
[640199, 2]
[641983, 2]
[643766, 1]
[645549, 2]
[647333, 2]
[649116, 2]
[650899, 1]
[652682, 2]
[654466, 2]
[656249, 1]
[658032, 2]
[659815, 2]
[661599, 2]
[663382, 1]
[665165, 2]
[666949, 2]
[668732, 2]
[670515, 1]
[672298, 2]
[674082, 2]
[675865, 1]
[677648, 2]
[679431, 2]
[681215, 2]
[682998, 1]
[684781, 2]
[686565, 2]
[688348, 2]
[691023, 2]
[692806, 1]
[694589, 2]
[696373, 2]
[698156, 2]
[699939, 1]
[701722, 2]
[703506, 2]
[705289, 1]
[707072, 2]
[708855, 2]
[710639, 2]
[712422, 1]
[714205, 2]
[715989, 2]
[717772, 2]
[719555, 1]
[721338, 2]
[723122, 2]
[724905, 1]
[726688, 2]
[728471, 2]
[730255, 2]
[732038, 1]
[733821, 2]
[735605, 2]
[737388, 2]
[739171, 1]
[740954, 2]
[742738, 2]
[744521, 1]
[746304, 2]
[748087, 2]
[749871, 2]
[751654, 1]
[753437, 2]
[755221, 2]
[757004, 2]
[758787, 1]
[760570, 2]
[762354, 2]
[764137, 1]
[765920, 2]
[767703, 2]
[769487, 2]
[771270, 1]
[773053, 2]
[774837, 2]
[776620, 2]
[778403, 1]
[780186, 2]
[781970, 2]
[783753, 1]
[785536, 2]
[786948, 1]
[787984, 2]
[789020, 3]
[790056, 3]
[791092, 4]
[792129, 4]
[793165, 4]
[794201, 1]
[795237, 2]
[796273, 3]
[797309, 3]
[798345, 4]
[799382, 4]
[800418, 4]
[801454, 1]
[802490, 2]
[803526, 3]
[804562, 3]
[805598, 4]
[806635, 4]
[807671, 4]
[808707, 1]
[809743, 2]
[810779, 2]
[811815, 3]
[812851, 4]
[813887, 4]
[814924, 4]
[815960, 1]
[816996, 2]
[818032, 2]
[819068, 3]
[820104, 4]
[821140, 4]
[822177, 4]
[823213, 1]
[824249, 1]
[825285, 2]
[826321, 3]
[827357, 3]
[828393, 4]
[829430, 4]
[830466, 4]
[831502, 1]
[832538, 2]
[833574, 3]
[834610, 3]
[835646, 4]
[836683, 4]
[837719, 4]
[838755, 1]
[839791, 2]
[840827, 3]
[841863, 3]
[842899, 4]
[843936, 4]
[844972, 4]
[846008, 1]
[847044, 2]
[848080, 2]
[849116, 3]
[850152, 4]
[851188, 4]
[852225, 4]
[853261, 1]
[854297, 2]
[855333, 2]
[856369, 3]
[857405, 4]
[858441, 4]
[859478, 4]
[860514, 1]
[861550, 1]
[862586, 2]
[863622, 3]
[864658, 3]
[865694, 4]
[866731, 4]
[867767, 4]
[868803, 1]
[869839, 2]
[870875, 3]
[871911, 3]
[872947, 4]
[873984, 4]
[875020, 4]
[876056, 1]
[877092, 2]
[878128, 3]
[879164, 3]
[880200, 4]
[881237, 4]
[882273, 4]
[883309, 1]
[884345, 2]
[885381, 2]
[886417, 3]
[887453, 4]
[888489, 4]
[889526, 4]
[890562, 1]
[891598, 2]
[892634, 2]
[893670, 3]
[894706, 4]
[895742, 4]
[896779, 4]
[897815, 1]
[898851, 1]
[899887, 2]
[900923, 3]
[901959, 3]
[902995, 4]
[904032, 4]
[905068, 4]
[906104, 1]
[907140, 2]
[908176, 3]
[909212, 3]
[910248, 4]
[911285, 4]
[912321, 4]
[913357, 1]
[914393, 2]
[915429, 3]
[916465, 3]
[917501, 4]
[918067, 8]
[918630, 7]
[919194, 4]
[919758, 2]
[920322, 8]
[920885, 7]
[921449, 4]
[922013, 2]
[922577, 8]
[923140, 6]
[923704, 4]
[924268, 2]
[924831, 8]
[925395, 6]
[925959, 4]
[926523, 2]
[927086, 8]
[927650, 6]
[928214, 4]
[928778, 1]
[929341, 8]
[929905, 6]
[930469, 4]
[931033, 1]
[931596, 8]
[932160, 6]
[932724, 3]
[933288, 1]
[933851, 8]
[934415, 6]
[934979, 3]
[935543, 1]
[936106, 8]
[936670, 5]
[937516, 2]
[938080, 8]
[938643, 7]
[939207, 4]
[939771, 2]
[940335, 8]
[940898, 6]
[941462, 4]
[942026, 2]
[942589, 8]
[943153, 6]
[943717, 4]
[944281, 2]
[944844, 8]
[945408, 6]
[945972, 4]
[946536, 1]
[947099, 8]
[947663, 6]
[948227, 4]
[948791, 1]
[949354, 8]
[949918, 6]
[950482, 3]
[951046, 1]
[951609, 8]
[952173, 6]
[952737, 3]
[953301, 1]
[953864, 8]
[954428, 5]
[954992, 3]
[955556, 1]
[956119, 7]
[956683, 5]
[957247, 3]
[957811, 8]
[958374, 7]
[958938, 5]
[959502, 3]
[960066, 8]
[960629, 7]
[961193, 5]
[961757, 2]
[962321, 8]
[962884, 7]
[963448, 5]
[964012, 2]
[964576, 8]
[965139, 7]
[965703, 4]
[966267, 2]
[966831, 8]
[967394, 7]
[967958, 4]
[968522, 2]
[969086, 8]
[969649, 6]
[970213, 4]
[970777, 2]
[971340, 8]
[971904, 6]
[972468, 4]
[973032, 2]
[973595, 8]
[974159, 6]
[974723, 4]
[975287, 1]
[975850, 8]
[976414, 6]
[976978, 4]
[977542, 1]
[978105, 8]
[978669, 6]
[979233, 3]
[979797, 1]
[980360, 8]
[980924, 6]
[981488, 3]
[982052, 1]
[982615, 8]
[983113, 9]
[983408, 6]
[983703, 4]
[983998, 2]
[984293, 16]
[984587, 15]
[984882, 13]
[985177, 11]
[985472, 8]
[985767, 6]
[986062, 4]
[986357, 2]
[986652, 16]
[986946, 15]
[987241, 12]
[987536, 10]
[987831, 8]
[988126, 6]
[988421, 4]
[988716, 2]
[989010, 16]
[989305, 14]
[989600, 12]
[989895, 10]
[990190, 8]
[990485, 6]
[990780, 4]
[991075, 2]
[991369, 16]
[991664, 14]
[991959, 12]
[992254, 10]
[992549, 8]
[992844, 6]
[993139, 3]
[993434, 1]
[993728, 16]
[994023, 14]
[994318, 12]
[994613, 10]
[994908, 8]
[995203, 5]
[995498, 3]
[995793, 1]
[996087, 16]
[996382, 14]
[996677, 12]
[996972, 10]
[997267, 7]
[997562, 5]
[997857, 3]
[998152, 1]
[998446, 16]
[998741, 14]
[999036, 11]
[999331, 9]
[999626, 7]
[999921, 5]
[1000216, 3]
[1000511, 1]
[1000805, 15]
[1001100, 13]
[1001395, 11]
[1001690, 9]
[1001985, 7]
[1002280, 5]
[1002575, 3]
[1002870, 16]
[1003164, 15]
[1003459, 13]
[1003754, 11]
[1004049, 9]
[1004344, 7]
[1004639, 4]
[1004934, 2]
[1005229, 16]
[1005523, 15]
[1005818, 13]
[1006113, 11]
[1006408, 9]
[1006703, 6]
[1006998, 4]
[1007293, 2]
[1007588, 16]
[1007882, 15]
[1008177, 13]
[1008472, 11]
[1008767, 8]
[1009062, 6]
[1009357, 4]
[1009652, 2]
[1009947, 16]
[1010241, 15]
[1010536, 12]
[1010831, 10]
[1011126, 8]
[1011421, 6]
[1011716, 4]
[1012011, 2]
[1012305, 16]
[1012600, 14]
[1012895, 12]
[1013190, 10]
[1013485, 8]
[1013780, 6]
[1014075, 4]
[1014370, 2]
[1014664, 16]
[1014959, 14]
[1015254, 12]
[1015549, 10]
[1015827, 5]
[1015978, 2]
[1016204, 14]
[1016355, 12]
[1016506, 9]
[1016657, 6]
[1016808, 3]
[1016959, 32]
[1017109, 31]
[1017260, 28]
[1017411, 25]
[1017562, 22]
[1017713, 20]
[1017864, 17]
[1018015, 14]
[1018166, 11]
[1018317, 9]
[1018468, 6]
[1018619, 3]
[1018770, 32]
[1018920, 30]
[1019071, 28]
[1019222, 25]
[1019373, 22]
[1019524, 19]
[1019675, 17]
[1019826, 14]
[1019977, 11]
[1020128, 8]
[1020279, 6]
[1020430, 3]
[1020581, 32]
[1020731, 30]
[1020882, 27]
[1021033, 25]
[1021184, 22]
[1021335, 19]
[1021486, 16]
[1021637, 14]
[1021788, 11]
[1021939, 8]
[1022090, 5]
[1022241, 3]
[1022392, 32]
[1022542, 30]
[1022693, 27]
[1022844, 24]
[1022995, 22]
[1023146, 19]
[1023297, 16]
[1023448, 13]
[1023599, 11]
[1023750, 8]
[1023901, 5]
[1024052, 2]
[1024202, 32]
[1024353, 30]
[1024504, 27]
[1024655, 24]
[1024806, 21]
[1024957, 19]
[1025108, 16]
[1025259, 13]
[1025410, 10]
[1025561, 8]
[1025712, 5]
[1025863, 2]
[1026013, 32]
[1026164, 29]
[1026315, 27]
[1026466, 24]
[1026617, 21]
[1026768, 18]
[1026919, 16]
[1027070, 13]
[1027221, 10]
[1027372, 7]
[1027523, 5]
[1027674, 2]
[1027824, 32]
[1027975, 29]
[1028126, 26]
[1028277, 24]
[1028428, 21]
[1028579, 18]
[1028730, 15]
[1028881, 13]
[1029032, 10]
[1029183, 7]
[1029334, 4]
[1029485, 2]
[1029635, 32]
[1029786, 29]
[1029937, 26]
[1030088, 23]
[1030239, 21]
[1030390, 18]
[1030541, 15]
[1030692, 12]
[1030843, 10]
[1030994, 7]
[1031145, 4]
[1031296, 1]
[1031446, 31]
[1031597, 29]
[1031748, 26]
[1031899, 23]
[1032050, 20]
[1032197, 21]
[1032273, 44]
[1032350, 3]
[1032426, 26]
[1032502, 49]
[1032579, 8]
[1032655, 31]
[1032731, 54]
[1032808, 13]
[1032884, 36]
[1032960, 59]
[1033037, 18]
[1033113, 41]
[1033190, 64]
[1033266, 23]
[1033342, 46]
[1033419, 5]
[1033495, 28]
[1033571, 52]
[1033648, 10]
[1033724, 33]
[1033800, 57]
[1033877, 15]
[1033953, 38]
[1034029, 62]
[1034106, 20]
[1034182, 43]
[1034259, 2]
[1034335, 25]
[1034411, 49]
[1034488, 7]
[1034564, 30]
[1034640, 54]
[1034717, 12]
[1034793, 35]
[1034869, 59]
[1034946, 17]
[1035022, 40]
[1035098, 64]
[1035175, 22]
[1035251, 45]
[1035328, 4]
[1035404, 27]
[1035480, 51]
[1035557, 9]
[1035633, 32]
[1035709, 56]
[1035786, 14]
[1035862, 37]
[1035938, 61]
[1036015, 19]
[1036091, 42]
[1036168, 1]
[1036244, 24]
[1036320, 48]
[1036397, 6]
[1036473, 29]
[1036549, 53]
[1036626, 11]
[1036702, 34]
[1036778, 58]
[1036855, 16]
[1036931, 39]
[1037007, 63]
[1037084, 21]
[1037160, 44]
[1037237, 3]
[1037313, 26]
[1037389, 50]
[1037466, 8]
[1037542, 31]
[1037618, 55]
[1037695, 13]
[1037771, 36]
[1037847, 60]
[1037924, 18]
[1038000, 41]
[1038077, 64]
[1038153, 23]
[1038229, 46]
[1038306, 5]
[1038382, 28]
[1038458, 52]
[1038535, 10]
[1038649, 45]
[1038726, 4]
[1038802, 27]
[1038878, 50]
[1038955, 9]
[1039031, 32]
[1039107, 55]
[1039184, 14]
[1039260, 37]
[1039336, 60]
[1039413, 19]
[1039489, 42]
[1039566, 1]
[1039642, 24]
[1039718, 47]
[1039795, 6]
[1039871, 29]
[1039947, 53]
[1040024, 11]
[1040100, 34]
[1040176, 58]
[1040253, 16]
[1040329, 39]
[1040395, 71]
[1040433, 123]
[1040472, 47]
[1040510, 100]
[1040549, 24]
[1040587, 76]
[1040626, 128]
[1040664, 53]
[1040702, 106]
[1040741, 29]
[1040779, 82]
[1040818, 6]
[1040856, 59]
[1040894, 111]
[1040933, 35]
[1040971, 88]
[1041010, 12]
[1041048, 65]
[1041086, 117]
[1041125, 41]
[1041163, 94]
[1041202, 18]
[1041240, 70]
[1041278, 123]
[1041317, 47]
[1041355, 100]
[1041394, 23]
[1041432, 76]
[1041471, 128]
[1041509, 53]
[1041547, 105]
[1041586, 29]
[1041624, 82]
[1041663, 6]
[1041701, 58]
[1041739, 111]
[1041778, 35]
[1041816, 88]
[1041855, 12]
[1041893, 64]
[1041931, 117]
[1041970, 41]
[1042008, 94]
[1042047, 17]
[1042085, 70]
[1042123, 123]
[1042162, 47]
[1042200, 99]
[1042239, 23]
[1042277, 76]
[1042316, 128]
[1042354, 52]
[1042392, 105]
[1042431, 29]
[1042469, 82]
[1042508, 6]
[1042546, 58]
[1042584, 111]
[1042623, 35]
[1042661, 88]
[1042700, 11]
[1042738, 64]
[1042776, 117]
[1042815, 41]
[1042853, 93]
[1042892, 17]
[1042930, 70]
[1042968, 123]
[1043007, 46]
[1043045, 99]
[1043084, 23]
[1043122, 76]
[1043160, 128]
[1043199, 52]
[1043237, 105]
[1043276, 29]
[1043314, 82]
[1043353, 5]
[1043391, 58]
[1043429, 111]
[1043468, 35]
[1043506, 87]
[1043545, 11]
[1043583, 64]
[1043621, 117]
[1043660, 40]
[1043698, 93]
[1043737, 17]
[1043775, 70]
[1043813, 122]
[1043852, 46]
[1043890, 99]
[1043929, 23]
[1043967, 76]
[1044005, 128]
[1044044, 52]
[1044082, 105]
[1044121, 29]
[1044159, 81]
[1044198, 5]
[1044236, 58]
[1044274, 111]
[1044313, 34]
[1044351, 87]
[1044390, 11]
[1044428, 64]
[1044466, 116]
[1044493, 50]
[1044512, 117]
[1044531, 184]
[1044550, 252]
[1044570, 62]
[1044589, 130]
[1044608, 197]
[1044628, 8]
[1044647, 75]
[1044666, 143]
[1044685, 210]
[1044705, 20]
[1044724, 88]
[1044743, 155]
[1044762, 223]
[1044782, 33]
[1044801, 101]
[1044820, 168]
[1044839, 235]
[1044859, 46]
[1044878, 113]
[1044897, 181]
[1044916, 248]
[1044936, 58]
[1044955, 126]
[1044974, 193]
[1044994, 4]
[1045013, 71]
[1045032, 139]
[1045051, 206]
[1045071, 16]
[1045090, 84]
[1045109, 151]
[1045128, 219]
[1045148, 29]
[1045167, 97]
[1045186, 164]
[1045205, 231]
[1045225, 42]
[1045244, 109]
[1045263, 177]
[1045282, 244]
[1045302, 54]
[1045321, 122]
[1045340, 189]
[1045360, 256]
[1045379, 67]
[1045398, 135]
[1045417, 202]
[1045437, 12]
[1045465, 242]
[1045485, 52]
[1045504, 120]
[1045523, 187]
[1045542, 255]
[1045562, 65]
[1045581, 133]
[1045600, 200]
[1045620, 10]
[1045639, 78]
[1045658, 145]
[1045677, 213]
[1045697, 23]
[1045716, 91]
[1045735, 158]
[1045754, 225]
[1045774, 36]
[1045793, 103]
[1045812, 171]
[1045831, 238]
[1045851, 48]
[1045870, 116]
[1045889, 183]
[1045908, 251]
[1045928, 61]
[1045947, 129]
[1045966, 196]
[1045986, 6]
[1046005, 74]
[1046024, 141]
[1046043, 209]
[1046063, 19]
[1046082, 87]
[1046101, 154]
[1046120, 221]
[1046140, 32]
[1046159, 99]
[1046178, 167]
[1046197, 234]
[1046217, 44]
[1046236, 112]
[1046255, 179]
[1046274, 247]
[1046294, 57]
[1046313, 125]
[1046332, 192]
[1046352, 2]
[1046371, 70]
[1046390, 137]
[1046409, 205]
[1046429, 15]
[1046448, 83]
[1046467, 150]
[1046486, 217]
[1046506, 28]
[1046525, 95]
[1046536, 425]
[1046546, 243]
[1046556, 61]
[1046565, 393]
[1046575, 211]
[1046585, 29]
[1046594, 361]
[1046604, 179]
[1046613, 510]
[1046623, 328]
[1046633, 147]
[1046642, 478]
[1046652, 296]
[1046662, 114]
[1046671, 446]
[1046681, 264]
[1046691, 82]
[1046700, 413]
[1046710, 232]
[1046720, 50]
[1046729, 381]
[1046739, 199]
[1046749, 18]
[1046758, 349]
[1046768, 167]
[1046777, 498]
[1046787, 317]
[1046797, 135]
[1046806, 466]
[1046816, 284]
[1046826, 103]
[1046835, 434]
[1046845, 252]
[1046855, 70]
[1046864, 402]
[1046874, 220]
[1046884, 38]
[1046893, 369]
[1046903, 188]
[1046913, 6]
[1046922, 337]
[1046932, 155]
[1046941, 486]
[1046951, 305]
[1046961, 123]
[1046970, 454]
[1046980, 272]
[1046990, 91]
[1046999, 422]
[1047009, 240]
[1047019, 58]
[1047028, 390]
[1047038, 208]
[1047048, 26]
[1047057, 357]
[1047067, 176]
[1047076, 507]
[1047086, 325]
[1047096, 143]
[1047105, 475]
[1047115, 293]
[1047125, 111]
[1047134, 442]
[1047144, 261]
[1047154, 79]
[1047163, 410]
[1047173, 228]
[1047183, 47]
[1047192, 378]
[1047202, 196]
[1047212, 14]
[1047221, 346]
[1047231, 164]
[1047240, 495]
[1047250, 313]
[1047260, 132]
[1047269, 463]
[1047279, 281]
[1047289, 99]
[1047298, 431]
[1047308, 249]
[1047318, 67]
[1047327, 398]
[1047337, 217]
[1047347, 35]
[1047356, 366]
[1047366, 184]
[1047376, 3]
[1047385, 334]
[1047395, 152]
[1047404, 483]
[1047414, 302]
[1047424, 120]
[1047433, 451]
[1047443, 269]
[1047453, 88]
[1047462, 419]
[1047472, 237]
[1047482, 55]
[1047491, 387]
[1047501, 205]
[1047511, 23]
[1047520, 354]
[1047530, 173]
[1047539, 504]
[1047549, 322]
[1047556, 143]
[1047560, 990]
[1047565, 812]
[1047570, 634]
[1047575, 456]
[1047580, 278]
[1047585, 101]
[1047589, 948]
[1047594, 770]
[1047599, 592]
[1047604, 414]
[1047609, 236]
[1047614, 58]
[1047618, 905]
[1047623, 728]
[1047628, 550]
[1047633, 372]
[1047638, 194]
[1047643, 16]
[1047647, 863]
[1047652, 685]
[1047657, 508]
[1047664, 753]
[1047669, 575]
[1047674, 398]
[1047679, 220]
[1047684, 42]
[1047688, 889]
[1047693, 711]
[1047698, 533]
[1047703, 355]
[1047708, 178]
[1047713, 1024]
[1047717, 847]
[1047722, 669]
[1047727, 491]
[1047732, 313]
[1047737, 135]
[1047741, 982]
[1047746, 805]
[1047751, 627]
[1047756, 449]
[1047761, 271]
[1047766, 93]
[1047770, 940]
[1047775, 762]
[1047780, 585]
[1047785, 407]
[1047790, 229]
[1047795, 51]
[1047799, 898]
[1047804, 720]
[1047809, 542]
[1047814, 365]
[1047819, 187]
[1047824, 9]
[1047828, 856]
[1047833, 678]
[1047838, 500]
[1047843, 322]
[1047848, 145]
[1047852, 992]
[1047857, 814]
[1047862, 636]
[1047867, 458]
[1047872, 280]
[1047877, 102]
[1047881, 949]
[1047886, 772]
[1047891, 594]
[1047896, 416]
[1047901, 238]
[1047906, 60]
[1047910, 907]
[1047915, 729]
[1047920, 552]
[1047925, 374]
[1047930, 196]
[1047935, 18]
[1047939, 865]
[1047944, 687]
[1047949, 509]
[1047954, 332]
[1047959, 154]
[1047963, 1001]
[1047968, 823]
[1047973, 645]
[1047978, 467]
[1047983, 289]
[1047988, 112]
[1047992, 959]
[1047997, 781]
[1048002, 603]
[1048007, 425]
[1048012, 247]
[1048017, 69]
[1048021, 916]
[1048026, 739]
[1048031, 561]
[1048036, 383]
[1048041, 205]
[1048046, 27]
[1048050, 874]
[1048055, 696]
[1048060, 519]
[1048065, 341]
[1048067, 1189]
[1048069, 2038]
[1048072, 837]
[1048074, 1686]
[1048077, 486]
[1048079, 1334]
[1048082, 134]
[1048084, 983]
[1048086, 1831]
[1048089, 631]
[1048091, 1479]
[1048094, 279]
[1048096, 1128]
[1048098, 1976]
[1048101, 776]
[1048103, 1624]
[1048106, 424]
[1048108, 1273]
[1048111, 72]
[1048113, 921]
[1048115, 1770]
[1048118, 569]
[1048120, 1418]
[1048123, 218]
[1048125, 1066]
[1048127, 1915]
[1048130, 714]
[1048132, 1563]
[1048135, 363]
[1048137, 1211]
[1048140, 11]
[1048142, 860]
[1048144, 1708]
[1048147, 508]
[1048149, 1356]
[1048152, 156]
[1048154, 1005]
[1048156, 1853]
[1048159, 653]
[1048161, 1501]
[1048164, 301]
[1048166, 1150]
[1048168, 1998]
[1048171, 798]
[1048173, 1646]
[1048176, 446]
[1048178, 1295]
[1048181, 94]
[1048183, 943]
[1048185, 1792]
[1048188, 591]
[1048190, 1440]
[1048193, 240]
[1048195, 1088]
[1048197, 1937]
[1048200, 736]
[1048202, 1585]
[1048205, 385]
[1048207, 1233]
[1048210, 33]
[1048212, 882]
[1048214, 1730]
[1048217, 530]
[1048219, 1378]
[1048222, 178]
[1048224, 1027]
[1048226, 1875]
[1048229, 675]
[1048231, 1523]
[1048234, 323]
[1048236, 1172]
[1048238, 2020]
[1048241, 820]
[1048243, 1668]
[1048246, 468]
[1048248, 1317]
[1048251, 116]
[1048253, 965]
[1048255, 1814]
[1048258, 613]
[1048260, 1462]
[1048263, 262]
[1048265, 1110]
[1048267, 1959]
[1048270, 758]
[1048272, 1607]
[1048275, 407]
[1048278, 1680]
[1048281, 479]
[1048283, 1328]
[1048286, 128]
[1048288, 976]
[1048290, 1825]
[1048293, 624]
[1048295, 1473]
[1048298, 273]
[1048300, 1121]
[1048302, 1970]
[1048305, 770]
[1048307, 1618]
[1048310, 418]
[1048312, 1266]
[1048315, 66]
[1048317, 915]
[1048319, 1763]
[1048321, 2612]
[1048322, 3461]
[1048324, 214]
[1048325, 1063]
[1048326, 1912]
[1048327, 2761]
[1048328, 3611]
[1048330, 363]
[1048331, 1212]
[1048332, 2062]
[1048333, 2911]
[1048334, 3760]
[1048336, 513]
[1048337, 1362]
[1048338, 2211]
[1048339, 3061]
[1048340, 3910]
[1048342, 663]
[1048343, 1512]
[1048344, 2361]
[1048345, 3210]
[1048346, 4060]
[1048348, 812]
[1048349, 1661]
[1048350, 2511]
[1048351, 3360]
[1048353, 113]
[1048354, 962]
[1048355, 1811]
[1048356, 2660]
[1048357, 3510]
[1048359, 262]
[1048360, 1111]
[1048361, 1961]
[1048362, 2810]
[1048363, 3659]
[1048365, 412]
[1048366, 1261]
[1048367, 2110]
[1048368, 2960]
[1048369, 3809]
[1048371, 562]
[1048372, 1411]
[1048373, 2260]
[1048374, 3109]
[1048375, 3959]
[1048377, 711]
[1048378, 1560]
[1048379, 2410]
[1048380, 3259]
[1048382, 12]
[1048383, 861]
[1048384, 1710]
[1048385, 2559]
[1048386, 3409]
[1048388, 161]
[1048389, 1010]
[1048390, 1860]
[1048391, 2709]
[1048392, 3558]
[1048394, 311]
[1048395, 1160]
[1048396, 2009]
[1048397, 2859]
[1048398, 3708]
[1048400, 461]
[1048401, 1310]
[1048402, 2159]
[1048403, 3008]
[1048404, 3858]
[1048406, 610]
[1048407, 1459]
[1048408, 2309]
[1048409, 3158]
[1048410, 4007]
[1048412, 760]
[1048413, 1609]
[1048414, 2458]
[1048415, 3308]
[1048417, 60]
[1048418, 909]
[1048419, 1759]
[1048420, 2608]
[1048421, 3457]
[1048423, 210]
[1048424, 1059]
[1048425, 1908]
[1048426, 2758]
[1048427, 3607]
[1048429, 360]
[1048430, 1209]
[1048431, 2058]
[1048432, 2907]
[1048433, 3757]
[1048435, 509]
[1048436, 1358]
[1048437, 2208]
[1048438, 3057]
[1048439, 3906]
[1048441, 659]
[1048442, 1508]
[1048443, 2357]
[1048444, 3207]
[1048445, 4056]
[1048447, 809]
[1048448, 1658]
[1048449, 2507]
[1048449, 7453]
[1048450, 4206]
[1048451, 960]
[1048451, 5906]
[1048452, 2659]
[1048452, 7605]
[1048453, 4358]
[1048454, 1112]
[1048454, 6058]
[1048455, 2811]
[1048455, 7757]
[1048456, 4510]
[1048457, 1264]
[1048457, 6210]
[1048458, 2963]
[1048458, 7909]
[1048459, 4662]
[1048460, 1416]
[1048460, 6362]
[1048461, 3115]
[1048461, 8061]
[1048462, 4814]
[1048463, 1568]
[1048463, 6514]
[1048464, 3267]
[1048465, 20]
[1048465, 4967]
[1048466, 1720]
[1048466, 6666]
[1048467, 3419]
[1048468, 172]
[1048468, 5119]
[1048469, 1872]
[1048469, 6818]
[1048470, 3571]
[1048471, 324]
[1048471, 5271]
[1048472, 2024]
[1048472, 6970]
[1048473, 3723]
[1048474, 476]
[1048474, 5423]
[1048475, 2176]
[1048475, 7122]
[1048476, 3875]
[1048477, 628]
[1048477, 5575]
[1048478, 2328]
[1048478, 7274]
[1048479, 4027]
[1048480, 780]
[1048480, 5727]
[1048481, 4953]
[1048482, 1706]
[1048482, 6652]
[1048483, 3405]
[1048484, 159]
[1048484, 5105]
[1048485, 1858]
[1048485, 6804]
[1048486, 3557]
[1048487, 311]
[1048487, 5257]
[1048488, 2010]
[1048488, 6956]
[1048489, 3709]
[1048490, 463]
[1048490, 5409]
[1048491, 2162]
[1048491, 7108]
[1048492, 3861]
[1048493, 615]
[1048493, 5561]
[1048494, 2314]
[1048494, 7260]
[1048495, 4013]
[1048496, 767]
[1048496, 5713]
[1048497, 2466]
[1048497, 7412]
[1048498, 4165]
[1048499, 919]
[1048499, 5865]
[1048500, 2618]
[1048500, 7564]
[1048501, 4317]
[1048502, 1071]
[1048502, 6017]
[1048503, 2770]
[1048503, 7716]
[1048504, 4469]
[1048505, 1223]
[1048505, 6169]
[1048506, 2922]
[1048506, 7868]
[1048507, 4621]
[1048508, 1375]
[1048508, 6321]
[1048509, 3074]
[1048509, 8020]
[1048510, 4773]
[1048511, 1527]
[1048511, 6473]
[1048512, 3226]
[1048512, 8172]
[1048513, 4925]
[1048513, 9872]
[1048513, 14818]
[1048514, 3379]
[1048514, 8325]
[1048514, 13271]
[1048515, 1832]
[1048515, 6779]
[1048515, 11725]
[1048516, 286]
[1048516, 5232]
[1048516, 10178]
[1048516, 15124]
[1048517, 3685]
[1048517, 8632]
[1048517, 13578]
[1048518, 2139]
[1048518, 7085]
[1048518, 12031]
[1048519, 592]
[1048519, 5539]
[1048519, 10485]
[1048519, 15431]
[1048520, 3992]
[1048520, 8938]
[1048520, 13884]
[1048521, 2445]
[1048521, 7392]
[1048521, 12338]
[1048522, 899]
[1048522, 5845]
[1048522, 10791]
[1048522, 15737]
[1048523, 4298]
[1048523, 9245]
[1048523, 14191]
[1048524, 2752]
[1048524, 7698]
[1048524, 12644]
[1048525, 1205]
[1048525, 6152]
[1048525, 11098]
[1048525, 16044]
[1048526, 4605]
[1048526, 9551]
[1048526, 14497]
[1048527, 3058]
[1048527, 8005]
[1048527, 12951]
[1048528, 1512]
[1048528, 6458]
[1048528, 11404]
[1048528, 16350]
[1048529, 4911]
[1048529, 9858]
[1048529, 14804]
[1048530, 3365]
[1048530, 8311]
[1048530, 13257]
[1048531, 1818]
[1048531, 6765]
[1048531, 11711]
[1048532, 272]
[1048532, 5218]
[1048532, 10164]
[1048532, 15110]
[1048533, 3671]
[1048533, 8618]
[1048533, 13564]
[1048534, 2125]
[1048534, 7071]
[1048534, 12017]
[1048535, 578]
[1048535, 5525]
[1048535, 10471]
[1048535, 15417]
[1048536, 3978]
[1048536, 8924]
[1048536, 13870]
[1048537, 2431]
[1048537, 7378]
[1048537, 12324]
[1048538, 885]
[1048538, 5831]
[1048538, 10777]
[1048538, 15723]
[1048539, 4284]
[1048539, 9231]
[1048539, 14177]
[1048540, 2738]
[1048540, 7684]
[1048540, 12630]
[1048541, 1191]
[1048541, 6138]
[1048541, 11084]
[1048541, 16030]
[1048542, 4591]
[1048542, 9537]
[1048542, 14483]
[1048543, 3044]
[1048543, 7991]
[1048543, 12937]
[1048544, 1498]
[1048544, 6444]
[1048544, 11390]
[1048544, 16336]
[1048545, 4897]
[1048545, 9844]
[1048545, 14790]
[1048545, 19736]
[1048545, 24682]
[1048545, 29628]
[1048546, 1805]
[1048546, 6751]
[1048546, 11697]
[1048546, 16643]
[1048546, 21589]
[1048546, 26535]
[1048546, 31481]
[1048547, 3658]
[1048547, 8605]
[1048547, 13551]
[1048547, 18497]
[1048547, 23443]
[1048547, 28389]
[1048548, 566]
[1048548, 5512]
[1048548, 10458]
[1048548, 15404]
[1048548, 20350]
[1048548, 25296]
[1048548, 30242]
[1048549, 4892]
[1048549, 9839]
[1048549, 14785]
[1048549, 19731]
[1048549, 24677]
[1048549, 29623]
[1048550, 1800]
[1048550, 6746]
[1048550, 11692]
[1048550, 16638]
[1048550, 21584]
[1048550, 26530]
[1048550, 31476]
[1048551, 3653]
[1048551, 8600]
[1048551, 13546]
[1048551, 18492]
[1048551, 23438]
[1048551, 28384]
[1048552, 561]
[1048552, 5507]
[1048552, 10453]
[1048552, 15399]
[1048552, 20345]
[1048552, 25291]
[1048552, 30237]
[1048553, 2414]
[1048553, 7361]
[1048553, 12307]
[1048553, 17253]
[1048553, 22199]
[1048553, 27145]
[1048553, 32091]
[1048554, 4268]
[1048554, 9214]
[1048554, 14160]
[1048554, 19106]
[1048554, 24052]
[1048554, 28998]
[1048555, 1175]
[1048555, 6122]
[1048555, 11068]
[1048555, 16014]
[1048555, 20960]
[1048555, 25906]
[1048555, 30852]
[1048556, 3029]
[1048556, 7975]
[1048556, 12921]
[1048556, 17867]
[1048556, 22813]
[1048556, 27759]
[1048556, 32705]
[1048557, 4882]
[1048557, 9829]
[1048557, 14775]
[1048557, 19721]
[1048557, 24667]
[1048557, 29613]
[1048558, 1790]
[1048558, 6736]
[1048558, 11682]
[1048558, 16628]
[1048558, 21574]
[1048558, 26520]
[1048558, 31466]
[1048559, 3643]
[1048559, 8590]
[1048559, 13536]
[1048559, 18482]
[1048559, 23428]
[1048559, 28374]
[1048560, 551]
[1048560, 5497]
[1048560, 10443]
[1048560, 15389]
[1048560, 20335]
[1048560, 25281]
[1048560, 30227]
[1048561, 2404]
[1048561, 7351]
[1048561, 12297]
[1048561, 17243]
[1048561, 22189]
[1048561, 27135]
[1048561, 32081]
[1048561, 37027]
[1048561, 41973]
[1048561, 46919]
[1048561, 51865]
[1048561, 56811]
[1048561, 61757]
[1048562, 1166]
[1048562, 6112]
[1048562, 11058]
[1048562, 16004]
[1048562, 20950]
[1048562, 25896]
[1048562, 30842]
[1048562, 35788]
[1048562, 40734]
[1048562, 45680]
[1048562, 50626]
[1048562, 55572]
[1048562, 60518]
[1048562, 65464]
[1048563, 4873]
[1048563, 9820]
[1048563, 14766]
[1048563, 19712]
[1048563, 24658]
[1048563, 29604]
[1048563, 34550]
[1048563, 39496]
[1048563, 44442]
[1048563, 49388]
[1048563, 54334]
[1048563, 59280]
[1048563, 64226]
[1048564, 3635]
[1048564, 8581]
[1048564, 13527]
[1048564, 18473]
[1048564, 23419]
[1048564, 28365]
[1048564, 33311]
[1048564, 38257]
[1048564, 43203]
[1048564, 48149]
[1048564, 53095]
[1048564, 58041]
[1048564, 62987]
[1048565, 2396]
[1048565, 7343]
[1048565, 12289]
[1048565, 17235]
[1048565, 22181]
[1048565, 27127]
[1048565, 32073]
[1048565, 37019]
[1048565, 41965]
[1048565, 46911]
[1048565, 51857]
[1048565, 56803]
[1048565, 61749]
[1048566, 1158]
[1048566, 6104]
[1048566, 11050]
[1048566, 15996]
[1048566, 20942]
[1048566, 25888]
[1048566, 30834]
[1048566, 35780]
[1048566, 40726]
[1048566, 45672]
[1048566, 50618]
[1048566, 55564]
[1048566, 60510]
[1048566, 65456]
[1048567, 4865]
[1048567, 9812]
[1048567, 14758]
[1048567, 19704]
[1048567, 24650]
[1048567, 29596]
[1048567, 34542]
[1048567, 39488]
[1048567, 44434]
[1048567, 49380]
[1048567, 54326]
[1048567, 59272]
[1048567, 64218]
[1048568, 3627]
[1048568, 11046]
[1048568, 15992]
[1048568, 20938]
[1048568, 25884]
[1048568, 30830]
[1048568, 35776]
[1048568, 40722]
[1048568, 45668]
[1048568, 50614]
[1048568, 55560]
[1048568, 60506]
[1048568, 65452]
[1048569, 4861]
[1048569, 9808]
[1048569, 14754]
[1048569, 19700]
[1048569, 24646]
[1048569, 29592]
[1048569, 34538]
[1048569, 39484]
[1048569, 44430]
[1048569, 49376]
[1048569, 54322]
[1048569, 59268]
[1048569, 64214]
[1048569, 69160]
[1048569, 74106]
[1048569, 79052]
[1048569, 83998]
[1048569, 88944]
[1048569, 93890]
[1048569, 98836]
[1048569, 103782]
[1048569, 108728]
[1048569, 113674]
[1048569, 118620]
[1048569, 123566]
[1048569, 128512]
[1048570, 2385]
[1048570, 7331]
[1048570, 12277]
[1048570, 17223]
[1048570, 22169]
[1048570, 27115]
[1048570, 32061]
[1048570, 37007]
[1048570, 41953]
[1048570, 46899]
[1048570, 51845]
[1048570, 56791]
[1048570, 61737]
[1048570, 66683]
[1048570, 71629]
[1048570, 76575]
[1048570, 81521]
[1048570, 86467]
[1048570, 91413]
[1048570, 96359]
[1048570, 101305]
[1048570, 106251]
[1048570, 111197]
[1048570, 116143]
[1048570, 121089]
[1048570, 126035]
[1048570, 130981]
[1048571, 4854]
[1048571, 9801]
[1048571, 14747]
[1048571, 19693]
[1048571, 24639]
[1048571, 29585]
[1048571, 34531]
[1048571, 39477]
[1048571, 44423]
[1048571, 49369]
[1048571, 54315]
[1048571, 59261]
[1048571, 64207]
[1048571, 69153]
[1048571, 74099]
[1048571, 79045]
[1048571, 83991]
[1048571, 88937]
[1048571, 93883]
[1048571, 98829]
[1048571, 103775]
[1048571, 108721]
[1048571, 113667]
[1048571, 118613]
[1048571, 123559]
[1048571, 128505]
[1048572, 2378]
[1048572, 7324]
[1048572, 12270]
[1048572, 17216]
[1048572, 22162]
[1048572, 27108]
[1048572, 32054]
[1048572, 37000]
[1048572, 41946]
[1048572, 46892]
[1048572, 51838]
[1048572, 56784]
[1048572, 61730]
[1048572, 66676]
[1048572, 71622]
[1048572, 76568]
[1048572, 81514]
[1048572, 86460]
[1048572, 91406]
[1048572, 96352]
[1048572, 101298]
[1048572, 106244]
[1048572, 111190]
[1048572, 116136]
[1048572, 121082]
[1048572, 126028]
[1048572, 130974]
[1048573, 4847]
[1048573, 9794]
[1048573, 14740]
[1048573, 19686]
[1048573, 24632]
[1048573, 29578]
[1048573, 34524]
[1048573, 39470]
[1048573, 44416]
[1048573, 49362]
[1048573, 54308]
[1048573, 59254]
[1048573, 64200]
[1048573, 69146]
[1048573, 74092]
[1048573, 79038]
[1048573, 83984]
[1048573, 88930]
[1048573, 93876]
[1048573, 98822]
[1048573, 103768]
[1048573, 108714]
[1048573, 113660]
[1048573, 118606]
[1048573, 123552]
[1048573, 128498]
[1048573, 133444]
[1048573, 138390]
[1048573, 143336]
[1048573, 148282]
[1048573, 153228]
[1048573, 158174]
[1048573, 163120]
[1048573, 168066]
[1048573, 173012]
[1048573, 177958]
[1048573, 182904]
[1048573, 187850]
[1048573, 192796]
[1048573, 197742]
[1048573, 202688]
[1048573, 207634]
[1048573, 212580]
[1048573, 217526]
[1048573, 222472]
[1048573, 227418]
[1048573, 232364]
[1048573, 237310]
[1048573, 242256]
[1048573, 247202]
[1048573, 252148]
[1048573, 257094]
[1048573, 262040]
[1048574, 4841]
[1048574, 9787]
[1048574, 14733]
[1048574, 19679]
[1048574, 24625]
[1048574, 29571]
[1048574, 34517]
[1048574, 41936]
[1048574, 46882]
[1048574, 51828]
[1048574, 56774]
[1048574, 61720]
[1048574, 66666]
[1048574, 71612]
[1048574, 76558]
[1048574, 81504]
[1048574, 86450]
[1048574, 91396]
[1048574, 96342]
[1048574, 101288]
[1048574, 106234]
[1048574, 111180]
[1048574, 116126]
[1048574, 121072]
[1048574, 126018]
[1048574, 130964]
[1048574, 135910]
[1048574, 140856]
[1048574, 145802]
[1048574, 150748]
[1048574, 155694]
[1048574, 160640]
[1048574, 165586]
[1048574, 170532]
[1048574, 175478]
[1048574, 180424]
[1048574, 185370]
[1048574, 190316]
[1048574, 195262]
[1048574, 200208]
[1048574, 205154]
[1048574, 210100]
[1048574, 215046]
[1048574, 219992]
[1048574, 224938]
[1048574, 229884]
[1048574, 234830]
[1048574, 239776]
[1048574, 244722]
[1048574, 249668]
[1048574, 254614]
[1048574, 259560]
[1048575, 2361]
[1048575, 7308]
[1048575, 12254]
[1048575, 17200]
[1048575, 22146]
[1048575, 27092]
[1048575, 32038]
[1048575, 36984]
[1048575, 41930]
[1048575, 46876]
[1048575, 51822]
[1048575, 56768]
[1048575, 61714]
[1048575, 66660]
[1048575, 71606]
[1048575, 76552]
[1048575, 81498]
[1048575, 86444]
[1048575, 91390]
[1048575, 96336]
[1048575, 101282]
[1048575, 106228]
[1048575, 111174]
[1048575, 116120]
[1048575, 121066]
[1048575, 126012]
[1048575, 130958]
[1048575, 135904]
[1048575, 140850]
[1048575, 145796]
[1048575, 150742]
[1048575, 155688]
[1048575, 160634]
[1048575, 165580]
[1048575, 170526]
[1048575, 175472]
[1048575, 180418]
[1048575, 185364]
[1048575, 190310]
[1048575, 195256]
[1048575, 200202]
[1048575, 205148]
[1048575, 210094]
[1048575, 215040]
[1048575, 219986]
[1048575, 224932]
[1048575, 229878]
[1048575, 234824]
[1048575, 239770]
[1048575, 244716]
[1048575, 249662]
[1048575, 254608]
[1048575, 259554]
[1048575, 264500]
[1048575, 269446]
[1048575, 274392]
[1048575, 279338]
[1048575, 284284]
[1048575, 289230]
[1048575, 294176]
[1048575, 299122]
[1048575, 304068]
[1048575, 309014]
[1048575, 313960]
[1048575, 318906]
[1048575, 323852]
[1048575, 328798]
[1048575, 333744]
[1048575, 338690]
[1048575, 343636]
[1048575, 348582]
[1048575, 353528]
[1048575, 358474]
[1048575, 363420]
[1048575, 368366]
[1048575, 373312]
[1048575, 378258]
[1048575, 383204]
[1048575, 388150]
[1048575, 393096]
[1048575, 398042]
[1048575, 402988]
[1048575, 407934]
[1048575, 412880]
[1048575, 417826]
[1048575, 422772]
[1048575, 427718]
[1048575, 432664]
[1048575, 437610]
[1048575, 442556]
[1048575, 447502]
[1048575, 452448]
[1048575, 457394]
[1048575, 462340]
[1048575, 467286]
[1048575, 472232]
[1048575, 477178]
[1048575, 482124]
[1048575, 487070]
[1048575, 492016]
[1048575, 496962]
[1048575, 501908]
[1048575, 506854]
[1048575, 511800]
[1048575, 516746]
[1048575, 521692]