[1, 0]
[2789, 1]
[5578, 1]
[8367, 1]
[11156, 1]
[13944, 1]
[16733, 1]
[19522, 1]
[22311, 1]
[25099, 1]
[27888, 1]
[30677, 1]
[33466, 1]
[36254, 1]
[39043, 1]
[41832, 1]
[44621, 1]
[47409, 1]
[50198, 1]
[52987, 1]
[55776, 1]
[58564, 1]
[61353, 1]
[64142, 1]
[66931, 1]
[69719, 1]
[72508, 1]
[75297, 1]
[78086, 1]
[80874, 1]
[83663, 1]
[86452, 1]
[89241, 1]
[92029, 1]
[94818, 1]
[97607, 1]
[100396, 1]
[103184, 1]
[105973, 1]
[108762, 1]
[111551, 1]
[114339, 1]
[117128, 1]
[119917, 1]
[122706, 1]
[125494, 1]
[128283, 1]
[131072, 1]
[133861, 1]
[136649, 1]
[139438, 1]
[142227, 1]
[145016, 1]
[149199, 1]
[151988, 1]
[154776, 1]
[157565, 1]
[160354, 1]
[163143, 1]
[165931, 1]
[168720, 1]
[171509, 1]
[174298, 1]
[177086, 1]
[179875, 1]
[182664, 1]
[185453, 1]
[188241, 1]
[191030, 1]
[193819, 1]
[196608, 1]
[199396, 1]
[202185, 1]
[204974, 1]
[207763, 1]
[210551, 1]
[213340, 1]
[216129, 1]
[218918, 1]
[221706, 1]
[224495, 1]
[227284, 1]
[230073, 1]
[232861, 1]
[235650, 1]
[238439, 1]
[241228, 1]
[244016, 1]
[246805, 1]
[249594, 1]
[252383, 1]
[255171, 1]
[257960, 1]
[260749, 1]
[263538, 1]
[266326, 1]
[269115, 1]
[271904, 1]
[274693, 1]
[277481, 1]
[280270, 1]
[283059, 1]
[285848, 1]
[288636, 1]
[291425, 1]
[294214, 1]
[297003, 1]
[299791, 1]
[302580, 1]
[305369, 1]
[308158, 1]
[310946, 1]
[313735, 1]
[316524, 1]
[319313, 1]
[322101, 1]
[324890, 1]
[327679, 1]
[330468, 1]
[333256, 1]
[336045, 1]
[338834, 1]
[341623, 1]
[344411, 1]
[347200, 1]
[349989, 1]
[352778, 1]
[355566, 1]
[358355, 1]
[361144, 1]
[363933, 1]
[366721, 1]
[369510, 1]
[372299, 1]
[375088, 1]
[377876, 1]
[380665, 1]
[383454, 1]
[386243, 1]
[389031, 1]
[391820, 1]
[394609, 1]
[397398, 1]
[400186, 1]
[402975, 1]
[405764, 1]
[408553, 1]
[411341, 1]
[414130, 1]
[416919, 1]
[419708, 1]
[422496, 1]
[425285, 1]
[428074, 1]
[430863, 1]
[433651, 1]
[436440, 1]
[439229, 1]
[442018, 1]
[444806, 1]
[447595, 1]
[450384, 1]
[453173, 1]
[455961, 1]
[458750, 1]
[461539, 1]
[464328, 1]
[467116, 1]
[469905, 1]
[472694, 1]
[475483, 1]
[478271, 1]
[481060, 1]
[483849, 1]
[486638, 1]
[489426, 1]
[492215, 1]
[495004, 1]
[497793, 1]
[500581, 1]
[503370, 1]
[506159, 1]
[508948, 1]
[513131, 1]
[515919, 1]
[518708, 1]
[521497, 1]
[524286, 1]
[526070, 1]
[527853, 2]
[529637, 2]
[531420, 2]
[533203, 1]
[534986, 2]
[536770, 2]
[538553, 1]
[540336, 2]
[542119, 2]
[543903, 2]
[545686, 1]
[547469, 2]
[549253, 2]
[551036, 2]
[552819, 1]
[554602, 2]
[556386, 2]
[558169, 1]
[559952, 2]
[561735, 2]
[563519, 2]
[565302, 1]
[567085, 2]
[568869, 2]
[570652, 2]
[572435, 1]
[574218, 2]
[576002, 2]
[577785, 1]
[579568, 2]
[581351, 2]
[583135, 2]
[584918, 1]
[586701, 2]
[588485, 2]
[590268, 2]
[592051, 1]
[593834, 2]
[595618, 2]
[597401, 1]
[599184, 2]
[600967, 2]
[602751, 2]
[604534, 1]
[606317, 2]
[608101, 2]
[609884, 2]
[611667, 1]
[613450, 2]
[615234, 2]
[617017, 1]
[618800, 2]
[620583, 2]
[622367, 2]
[624150, 1]
[625933, 2]
[627717, 2]
[629500, 2]
[631283, 1]
[633066, 2]
[634850, 2]
[636633, 1]
[638416, 2]
[640199, 2]
[641983, 2]
[643766, 1]
[645549, 2]
[647333, 2]
[649116, 2]
[650899, 1]
[652682, 2]
[654466, 2]
[656249, 1]
[658032, 2]
[659815, 2]
[661599, 2]
[663382, 1]
[665165, 2]
[666949, 2]
[668732, 2]
[670515, 1]
[672298, 2]
[674082, 2]
[675865, 1]
[677648, 2]
[679431, 2]
[681215, 2]
[682998, 1]
[684781, 2]
[686565, 2]
[688348, 2]
[690131, 1]
[691914, 2]
[693698, 2]
[695481, 1]
[697264, 2]
[699047, 2]
[700831, 2]
[702614, 1]
[704397, 2]
[706181, 2]
[707964, 2]
[709747, 1]
[711530, 2]
[713314, 2]
[715097, 1]
[716880, 2]
[718663, 2]
[720447, 2]
[722230, 1]
[724013, 2]
[725797, 2]
[727580, 2]
[729363, 1]
[731146, 2]
[732930, 2]
[734713, 1]
[736496, 2]
[738279, 2]
[740063, 2]
[741846, 1]
[743629, 2]
[745413, 2]
[747196, 2]
[749871, 2]
[751654, 1]
[753437, 2]
[755221, 2]
[757004, 2]
[758787, 1]
[760570, 2]
[762354, 2]
[764137, 1]
[765920, 2]
[767703, 2]
[769487, 2]
[771270, 1]
[773053, 2]
[774837, 2]
[776620, 2]
[778403, 1]
[780186, 2]
[781970, 2]
[783753, 1]
[785536, 2]
[786948, 1]
[787984, 2]
[789020, 3]
[790056, 3]
[791092, 4]
[792129, 4]
[793165, 4]
[794201, 1]
[795237, 2]
[796273, 3]
[797309, 3]
[798345, 4]
[799382, 4]
[800418, 4]
[801454, 1]
[802490, 2]
[803526, 3]
[804562, 3]
[805598, 4]
[806635, 4]
[807671, 4]
[808707, 1]
[809743, 2]
[810779, 2]
[811815, 3]
[812851, 4]
[813887, 4]
[814924, 4]
[815960, 1]
[816996, 2]
[818032, 2]
[819068, 3]
[820104, 4]
[821140, 4]
[822177, 4]
[823213, 1]
[824249, 1]
[825285, 2]
[826321, 3]
[827357, 3]
[828393, 4]
[829430, 4]
[830466, 4]
[831502, 1]
[832538, 2]
[833574, 3]
[834610, 3]
[835646, 4]
[836683, 4]
[837719, 4]
[838755, 1]
[839791, 2]
[840827, 3]
[841863, 3]
[842899, 4]
[843936, 4]
[844972, 4]
[846008, 1]
[847044, 2]
[848080, 2]
[849116, 3]
[850152, 4]
[851188, 4]
[852225, 4]
[853261, 1]
[854297, 2]
[855333, 2]
[856369, 3]
[857405, 4]
[858441, 4]
[859478, 4]
[860514, 1]
[861550, 1]
[862586, 2]
[863622, 3]
[864658, 3]
[865694, 4]
[866731, 4]
[867767, 4]
[868803, 1]
[869839, 2]
[870875, 3]
[871911, 3]
[872947, 4]
[873984, 4]
[875020, 4]
[876056, 1]
[877092, 2]
[878128, 3]
[879164, 3]
[880200, 4]
[881237, 4]
[882273, 4]
[883309, 1]
[884345, 2]
[885381, 2]
[886417, 3]
[887453, 4]
[888489, 4]
[889526, 4]
[890562, 1]
[891598, 2]
[892634, 2]
[893670, 3]
[894706, 4]
[895742, 4]
[896779, 4]
[897815, 1]
[898851, 1]
[899887, 2]
[900923, 3]
[901959, 3]
[903513, 4]
[904550, 4]
[905586, 1]
[906622, 2]
[907658, 2]
[908694, 3]
[909730, 4]
[910766, 4]
[911803, 4]
[912839, 1]
[913875, 2]
[914911, 2]
[915947, 3]
[916983, 4]
[917785, 1]
[918348, 8]
[918912, 6]
[919476, 3]
[920040, 1]
[920603, 8]
[921167, 5]
[921731, 3]
[922295, 1]
[922858, 7]
[923422, 5]
[923986, 3]
[924550, 8]
[925113, 7]
[925677, 5]
[926241, 3]
[926805, 8]
[927368, 7]
[927932, 5]
[928496, 2]
[929060, 8]
[929623, 7]
[930187, 5]
[930751, 2]
[931315, 8]
[931878, 7]
[932442, 4]
[933006, 2]
[933570, 8]
[934133, 7]
[934697, 4]
[935261, 2]
[935825, 8]
[936388, 6]
[936952, 4]
[937516, 2]
[938079, 8]
[938643, 6]
[939207, 4]
[939771, 2]
[940334, 8]
[940898, 6]
[941462, 4]
[942026, 1]
[942589, 8]
[943153, 6]
[943717, 4]
[944281, 1]
[944844, 8]
[945408, 6]
[945972, 3]
[946536, 1]
[947099, 8]
[947663, 6]
[948227, 3]
[948791, 1]
[949354, 8]
[949918, 5]
[950482, 3]
[951046, 1]
[951609, 7]
[952173, 5]
[952737, 3]
[953301, 8]
[953864, 7]
[954428, 5]
[954992, 3]
[955556, 8]
[956119, 7]
[956683, 5]
[957247, 2]
[957811, 8]
[958374, 7]
[958938, 5]
[959502, 2]
[960066, 8]
[960629, 7]
[961193, 4]
[961757, 2]
[962321, 8]
[962884, 7]
[963448, 4]
[964012, 2]
[964576, 8]
[965139, 6]
[965703, 4]
[966267, 2]
[966830, 8]
[967394, 6]
[967958, 4]
[968522, 2]
[969085, 8]
[969649, 6]
[970213, 4]
[970777, 1]
[971340, 8]
[971904, 6]
[972468, 4]
[973032, 1]
[973595, 8]
[974159, 6]
[974723, 3]
[975287, 1]
[975850, 8]
[976414, 6]
[976978, 3]
[977542, 1]
[978105, 8]
[978669, 5]
[979233, 3]
[979797, 1]
[980360, 7]
[980924, 5]
[981488, 3]
[982052, 8]
[982615, 7]
[983113, 8]
[983408, 6]
[983703, 4]
[983998, 2]
[984440, 7]
[984735, 5]
[985030, 3]
[985325, 16]
[985619, 15]
[985914, 13]
[986209, 11]
[986504, 9]
[986799, 7]
[987094, 4]
[987389, 2]
[987684, 16]
[987978, 15]
[988273, 13]
[988568, 11]
[988863, 9]
[989158, 6]
[989453, 4]
[989748, 2]
[990043, 16]
[990337, 15]
[990632, 13]
[990927, 11]
[991222, 8]
[991517, 6]
[991812, 4]
[992107, 2]
[992402, 16]
[992696, 15]
[992991, 12]
[993286, 10]
[993581, 8]
[993876, 6]
[994171, 4]
[994466, 2]
[994760, 16]
[995055, 14]
[995350, 12]
[995645, 10]
[995940, 8]
[996235, 6]
[996530, 4]
[996825, 2]
[997119, 16]
[997414, 14]
[997709, 12]
[998004, 10]
[998299, 8]
[998594, 6]
[998889, 3]
[999184, 1]
[999478, 16]
[999773, 14]
[1000068, 12]
[1000363, 10]
[1000658, 8]
[1000953, 5]
[1001248, 3]
[1001543, 1]
[1001837, 16]
[1002132, 14]
[1002427, 12]
[1002722, 10]
[1003017, 7]
[1003312, 5]
[1003607, 3]
[1003902, 1]
[1004196, 16]
[1004491, 14]
[1004786, 11]
[1005081, 9]
[1005376, 7]
[1005671, 5]
[1005966, 3]
[1006261, 1]
[1006555, 15]
[1006850, 13]
[1007145, 11]
[1007440, 9]
[1007735, 7]
[1008030, 5]
[1008325, 3]
[1008620, 16]
[1008914, 15]
[1009209, 13]
[1009504, 11]
[1009799, 9]
[1010094, 7]
[1010389, 4]
[1010684, 2]
[1010979, 16]
[1011273, 15]
[1011568, 13]
[1011863, 11]
[1012158, 9]
[1012453, 6]
[1012748, 4]
[1013043, 2]
[1013338, 16]
[1013632, 15]
[1013927, 13]
[1014222, 11]
[1014517, 8]
[1014812, 6]
[1015107, 4]
[1015402, 2]
[1015697, 16]
[1015902, 19]
[1016053, 17]
[1016204, 14]
[1016355, 11]
[1016506, 8]
[1016657, 6]
[1016808, 3]
[1016959, 32]
[1017109, 30]
[1017260, 27]
[1017411, 25]
[1017562, 22]
[1017713, 19]
[1017864, 16]
[1018015, 14]
[1018166, 11]
[1018317, 8]
[1018468, 5]
[1018619, 3]
[1018845, 15]
[1018996, 12]
[1019147, 9]
[1019298, 7]
[1019449, 4]
[1019600, 1]
[1019750, 31]
[1019901, 28]
[1020052, 26]
[1020203, 23]
[1020354, 20]
[1020505, 17]
[1020656, 15]
[1020807, 12]
[1020958, 9]
[1021109, 6]
[1021260, 4]
[1021411, 1]
[1021561, 31]
[1021712, 28]
[1021863, 25]
[1022014, 23]
[1022165, 20]
[1022316, 17]
[1022467, 14]
[1022618, 12]
[1022769, 9]
[1022920, 6]
[1023071, 3]
[1023222, 32]
[1023372, 31]
[1023523, 28]
[1023674, 25]
[1023825, 22]
[1023976, 20]
[1024127, 17]
[1024278, 14]
[1024429, 11]
[1024580, 9]
[1024731, 6]
[1024882, 3]
[1025033, 32]
[1025183, 30]
[1025334, 28]
[1025485, 25]
[1025636, 22]
[1025787, 19]
[1025938, 17]
[1026089, 14]
[1026240, 11]
[1026391, 8]
[1026542, 6]
[1026693, 3]
[1026844, 32]
[1026994, 30]
[1027145, 27]
[1027296, 25]
[1027447, 22]
[1027598, 19]
[1027749, 16]
[1027900, 14]
[1028051, 11]
[1028202, 8]
[1028353, 5]
[1028504, 3]
[1028655, 32]
[1028805, 30]
[1028956, 27]
[1029107, 24]
[1029258, 22]
[1029409, 19]
[1029560, 16]
[1029711, 13]
[1029862, 11]
[1030013, 8]
[1030164, 5]
[1030315, 2]
[1030465, 32]
[1030616, 30]
[1030767, 27]
[1030918, 24]
[1031069, 21]
[1031220, 19]
[1031371, 16]
[1031522, 13]
[1031673, 10]
[1031824, 8]
[1031975, 5]
[1032126, 2]
[1032235, 32]
[1032311, 55]
[1032388, 14]
[1032464, 37]
[1032540, 60]
[1032617, 19]
[1032693, 42]
[1032770, 64]
[1032846, 24]
[1032922, 47]
[1032999, 6]
[1033075, 29]
[1033151, 52]
[1033228, 11]
[1033304, 34]
[1033380, 58]
[1033457, 16]
[1033533, 39]
[1033609, 63]
[1033686, 21]
[1033762, 44]
[1033839, 3]
[1033915, 26]
[1033991, 50]
[1034068, 8]
[1034144, 31]
[1034220, 55]
[1034297, 13]
[1034373, 36]
[1034449, 60]
[1034564, 30]
[1034640, 53]
[1034717, 12]
[1034793, 35]
[1034869, 58]
[1034946, 17]
[1035022, 40]
[1035098, 63]
[1035175, 22]
[1035251, 45]
[1035328, 4]
[1035404, 27]
[1035480, 50]
[1035557, 9]
[1035633, 32]
[1035709, 56]
[1035786, 14]
[1035862, 37]
[1035938, 61]
[1036015, 19]
[1036091, 42]
[1036168, 1]
[1036244, 24]
[1036320, 48]
[1036397, 6]
[1036473, 29]
[1036549, 53]
[1036626, 11]
[1036702, 34]
[1036778, 58]
[1036855, 16]
[1036931, 39]
[1037007, 63]
[1037084, 21]
[1037160, 44]
[1037237, 3]
[1037313, 26]
[1037389, 50]
[1037466, 8]
[1037542, 31]
[1037618, 55]
[1037695, 13]
[1037771, 36]
[1037847, 60]
[1037924, 18]
[1038000, 41]
[1038077, 64]
[1038153, 23]
[1038229, 46]
[1038306, 5]
[1038382, 28]
[1038458, 52]
[1038535, 10]
[1038611, 33]
[1038687, 57]
[1038764, 15]
[1038840, 38]
[1038916, 62]
[1038993, 20]
[1039069, 43]
[1039146, 2]
[1039222, 25]
[1039298, 49]
[1039375, 7]
[1039451, 30]
[1039527, 54]
[1039604, 12]
[1039680, 35]
[1039756, 59]
[1039833, 17]
[1039909, 40]
[1039985, 64]
[1040062, 22]
[1040138, 45]
[1040215, 4]
[1040291, 27]
[1040367, 51]
[1040414, 96]
[1040453, 20]
[1040491, 73]
[1040529, 126]
[1040568, 49]
[1040606, 102]
[1040645, 26]
[1040683, 79]
[1040722, 3]
[1040760, 55]
[1040798, 108]
[1040837, 32]
[1040875, 85]
[1040914, 8]
[1040952, 61]
[1040990, 114]
[1041029, 38]
[1041067, 90]
[1041106, 14]
[1041144, 67]
[1041182, 120]
[1041221, 43]
[1041259, 96]
[1041298, 20]
[1041336, 73]
[1041374, 125]
[1041413, 49]
[1041451, 102]
[1041490, 26]
[1041528, 79]
[1041567, 2]
[1041605, 55]
[1041643, 108]
[1041682, 32]
[1041720, 84]
[1041759, 8]
[1041797, 61]
[1041835, 114]
[1041874, 37]
[1041912, 90]
[1041951, 14]
[1041989, 67]
[1042027, 119]
[1042066, 43]
[1042104, 96]
[1042143, 20]
[1042181, 73]
[1042219, 125]
[1042258, 49]
[1042315, 128]
[1042354, 52]
[1042392, 105]
[1042431, 29]
[1042469, 81]
[1042508, 5]
[1042546, 58]
[1042584, 111]
[1042623, 34]
[1042661, 87]
[1042700, 11]
[1042738, 64]
[1042776, 116]
[1042815, 40]
[1042853, 93]
[1042892, 17]
[1042930, 70]
[1042968, 122]
[1043007, 46]
[1043045, 99]
[1043084, 23]
[1043122, 75]
[1043160, 128]
[1043199, 52]
[1043237, 105]
[1043276, 28]
[1043314, 81]
[1043353, 5]
[1043391, 58]
[1043429, 110]
[1043468, 34]
[1043506, 87]
[1043545, 11]
[1043583, 64]
[1043621, 116]
[1043660, 40]
[1043698, 93]
[1043737, 17]
[1043775, 69]
[1043813, 122]
[1043852, 46]
[1043890, 99]
[1043929, 22]
[1043967, 75]
[1044005, 128]
[1044044, 52]
[1044082, 104]
[1044121, 28]
[1044159, 81]
[1044198, 5]
[1044236, 57]
[1044274, 110]
[1044313, 34]
[1044351, 87]
[1044390, 11]
[1044428, 63]
[1044466, 116]
[1044493, 49]
[1044512, 117]
[1044531, 184]
[1044550, 251]
[1044570, 62]
[1044589, 129]
[1044608, 197]
[1044628, 7]
[1044647, 75]
[1044666, 142]
[1044685, 209]
[1044705, 20]
[1044724, 87]
[1044743, 155]
[1044762, 222]
[1044782, 32]
[1044801, 100]
[1044820, 167]
[1044839, 235]
[1044859, 45]
[1044878, 113]
[1044897, 180]
[1044916, 247]
[1044936, 58]
[1044955, 125]
[1044974, 193]
[1044994, 3]
[1045013, 71]
[1045032, 138]
[1045051, 205]
[1045071, 16]
[1045090, 83]
[1045109, 151]
[1045128, 218]
[1045148, 28]
[1045167, 96]
[1045186, 163]
[1045205, 231]
[1045225, 41]
[1045244, 109]
[1045263, 176]
[1045282, 243]
[1045302, 54]
[1045321, 121]
[1045340, 189]
[1045359, 256]
[1045379, 66]
[1045398, 134]
[1045417, 201]
[1045437, 12]
[1045456, 79]
[1045475, 147]
[1045494, 214]
[1045514, 24]
[1045533, 92]
[1045552, 159]
[1045571, 227]
[1045591, 37]
[1045610, 105]
[1045629, 172]
[1045648, 239]
[1045668, 50]
[1045687, 117]
[1045706, 185]
[1045725, 252]
[1045754, 225]
[1045774, 35]
[1045793, 103]
[1045812, 170]
[1045831, 237]
[1045851, 48]
[1045870, 115]
[1045889, 183]
[1045908, 250]
[1045928, 60]
[1045947, 128]
[1045966, 195]
[1045986, 6]
[1046005, 73]
[1046024, 141]
[1046043, 208]
[1046063, 18]
[1046082, 86]
[1046101, 153]
[1046120, 221]
[1046140, 31]
[1046159, 99]
[1046178, 166]
[1046197, 233]
[1046217, 44]
[1046236, 111]
[1046255, 179]
[1046274, 246]
[1046294, 56]
[1046313, 124]
[1046332, 191]
[1046352, 2]
[1046371, 69]
[1046390, 137]
[1046409, 204]
[1046429, 14]
[1046448, 82]
[1046467, 149]
[1046486, 217]
[1046506, 27]
[1046525, 95]
[1046536, 424]
[1046546, 243]
[1046556, 61]
[1046565, 392]
[1046575, 210]
[1046585, 29]
[1046594, 360]
[1046604, 178]
[1046613, 509]
[1046623, 328]
[1046633, 146]
[1046642, 477]
[1046652, 295]
[1046662, 114]
[1046671, 445]
[1046681, 263]
[1046691, 81]
[1046700, 413]
[1046710, 231]
[1046720, 49]
[1046729, 380]
[1046739, 199]
[1046749, 17]
[1046758, 348]
[1046768, 166]
[1046777, 497]
[1046787, 316]
[1046797, 134]
[1046806, 465]
[1046816, 283]
[1046826, 102]
[1046835, 433]
[1046845, 251]
[1046855, 69]
[1046864, 401]
[1046874, 219]
[1046884, 37]
[1046893, 368]
[1046903, 187]
[1046913, 5]
[1046922, 336]
[1046932, 154]
[1046941, 485]
[1046951, 304]
[1046961, 122]
[1046970, 453]
[1046980, 271]
[1046990, 90]
[1046999, 421]
[1047009, 239]
[1047019, 57]
[1047028, 389]
[1047038, 207]
[1047048, 25]
[1047057, 356]
[1047067, 175]
[1047076, 506]
[1047086, 324]
[1047096, 142]
[1047105, 474]
[1047115, 292]
[1047125, 110]
[1047134, 441]
[1047144, 260]
[1047154, 78]
[1047163, 409]
[1047173, 227]
[1047183, 46]
[1047192, 377]
[1047202, 195]
[1047212, 13]
[1047221, 345]
[1047231, 163]
[1047240, 494]
[1047250, 312]
[1047260, 131]
[1047269, 462]
[1047284, 189]
[1047294, 7]
[1047303, 339]
[1047313, 157]
[1047322, 488]
[1047332, 307]
[1047342, 125]
[1047351, 456]
[1047361, 274]
[1047371, 93]
[1047380, 424]
[1047390, 242]
[1047400, 60]
[1047409, 392]
[1047419, 210]
[1047429, 28]
[1047438, 359]
[1047448, 178]
[1047457, 509]
[1047467, 327]
[1047477, 145]
[1047486, 477]
[1047496, 295]
[1047506, 113]
[1047515, 444]
[1047525, 263]
[1047535, 81]
[1047544, 412]
[1047553, 743]
[1047558, 565]
[1047563, 387]
[1047568, 209]
[1047573, 32]
[1047577, 879]
[1047582, 701]
[1047587, 523]
[1047592, 345]
[1047597, 167]
[1047601, 1014]
[1047606, 836]
[1047611, 659]
[1047616, 481]
[1047621, 303]
[1047626, 125]
[1047630, 972]
[1047635, 794]
[1047640, 616]
[1047645, 439]
[1047650, 261]
[1047655, 83]
[1047659, 930]
[1047664, 752]
[1047669, 574]
[1047674, 396]
[1047679, 219]
[1047684, 41]
[1047688, 888]
[1047693, 710]
[1047698, 532]
[1047703, 354]
[1047708, 176]
[1047712, 1023]
[1047717, 846]
[1047722, 668]
[1047727, 490]
[1047732, 312]
[1047737, 134]
[1047741, 981]
[1047746, 803]
[1047751, 626]
[1047756, 448]
[1047761, 270]
[1047766, 92]
[1047770, 939]
[1047775, 761]
[1047780, 583]
[1047785, 406]
[1047790, 228]
[1047795, 50]
[1047799, 897]
[1047804, 719]
[1047809, 541]
[1047814, 363]
[1047819, 186]
[1047824, 8]
[1047828, 855]
[1047833, 677]
[1047838, 499]
[1047843, 321]
[1047848, 143]
[1047852, 990]
[1047857, 813]
[1047862, 635]
[1047867, 457]
[1047872, 279]
[1047877, 101]
[1047881, 948]
[1047886, 770]
[1047891, 593]
[1047896, 415]
[1047901, 237]
[1047906, 59]
[1047910, 906]
[1047915, 728]
[1047920, 550]
[1047925, 373]
[1047930, 195]
[1047935, 17]
[1047939, 864]
[1047944, 686]
[1047949, 508]
[1047954, 330]
[1047959, 153]
[1047963, 1000]
[1047968, 822]
[1047973, 644]
[1047978, 466]
[1047985, 712]
[1047990, 534]
[1047995, 356]
[1048000, 178]
[1048005, 1024]
[1048009, 847]
[1048014, 670]
[1048019, 492]
[1048024, 314]
[1048029, 136]
[1048033, 983]
[1048038, 805]
[1048043, 627]
[1048048, 450]
[1048053, 272]
[1048058, 94]
[1048062, 941]
[1048066, 764]
[1048068, 1612]
[1048071, 412]
[1048073, 1261]
[1048076, 60]
[1048078, 909]
[1048080, 1758]
[1048083, 557]
[1048085, 1406]
[1048088, 206]
[1048090, 1054]
[1048092, 1903]
[1048095, 702]
[1048097, 1551]
[1048100, 351]
[1048102, 1199]
[1048104, 2048]
[1048107, 848]
[1048109, 1696]
[1048112, 496]
[1048114, 1344]
[1048117, 144]
[1048119, 993]
[1048121, 1841]
[1048124, 641]
[1048126, 1489]
[1048129, 289]
[1048131, 1138]
[1048133, 1986]
[1048136, 786]
[1048138, 1634]
[1048141, 434]
[1048143, 1283]
[1048146, 82]
[1048148, 931]
[1048150, 1780]
[1048153, 579]
[1048155, 1428]
[1048158, 228]
[1048160, 1076]
[1048162, 1925]
[1048165, 724]
[1048167, 1573]
[1048170, 373]
[1048172, 1221]
[1048175, 21]
[1048177, 870]
[1048179, 1718]
[1048182, 518]
[1048184, 1366]
[1048187, 166]
[1048189, 1015]
[1048191, 1863]
[1048194, 663]
[1048196, 1511]
[1048199, 311]
[1048201, 1160]
[1048203, 2008]
[1048206, 808]
[1048208, 1656]
[1048211, 456]
[1048213, 1305]
[1048216, 104]
[1048218, 953]
[1048220, 1802]
[1048223, 601]
[1048225, 1450]
[1048228, 250]
[1048230, 1098]
[1048232, 1947]
[1048235, 746]
[1048237, 1595]
[1048240, 395]
[1048242, 1243]
[1048245, 43]
[1048247, 892]
[1048249, 1740]
[1048252, 540]
[1048254, 1388]
[1048257, 188]
[1048259, 1037]
[1048261, 1885]
[1048264, 685]
[1048266, 1533]
[1048269, 333]
[1048271, 1182]
[1048273, 2030]
[1048276, 830]
[1048278, 1678]
[1048281, 478]
[1048283, 1327]
[1048286, 126]
[1048288, 975]
[1048290, 1824]
[1048293, 623]
[1048295, 1472]
[1048298, 272]
[1048300, 1120]
[1048302, 1969]
[1048305, 768]
[1048307, 1617]
[1048310, 417]
[1048312, 1265]
[1048316, 489]
[1048318, 1338]
[1048321, 138]
[1048322, 987]
[1048323, 1836]
[1048324, 2685]
[1048325, 3535]
[1048327, 287]
[1048328, 1136]
[1048329, 1986]
[1048330, 2835]
[1048331, 3684]
[1048333, 437]
[1048334, 1286]
[1048335, 2135]
[1048336, 2985]
[1048337, 3834]
[1048339, 587]
[1048340, 1436]
[1048341, 2285]
[1048342, 3134]
[1048343, 3984]
[1048345, 736]
[1048346, 1585]
[1048347, 2435]
[1048348, 3284]
[1048350, 37]
[1048351, 886]
[1048352, 1735]
[1048353, 2584]
[1048354, 3434]
[1048356, 186]
[1048357, 1035]
[1048358, 1885]
[1048359, 2734]
[1048360, 3583]
[1048362, 336]
[1048363, 1185]
[1048364, 2034]
[1048365, 2884]
[1048366, 3733]
[1048368, 486]
[1048369, 1335]
[1048370, 2184]
[1048371, 3033]
[1048372, 3883]
[1048374, 635]
[1048375, 1484]
[1048376, 2334]
[1048377, 3183]
[1048378, 4032]
[1048380, 785]
[1048381, 1634]
[1048382, 2483]
[1048383, 3333]
[1048385, 85]
[1048386, 934]
[1048387, 1784]
[1048388, 2633]
[1048389, 3482]
[1048391, 235]
[1048392, 1084]
[1048393, 1933]
[1048394, 2783]
[1048395, 3632]
[1048397, 385]
[1048398, 1234]
[1048399, 2083]
[1048400, 2932]
[1048401, 3782]
[1048403, 534]
[1048404, 1383]
[1048405, 2233]
[1048406, 3082]
[1048407, 3931]
[1048409, 684]
[1048410, 1533]
[1048411, 2382]
[1048412, 3232]
[1048413, 4081]
[1048415, 834]
[1048416, 1683]
[1048417, 2532]
[1048418, 3381]
[1048420, 134]
[1048421, 983]
[1048422, 1833]
[1048423, 2682]
[1048424, 3531]
[1048426, 284]
[1048427, 1133]
[1048428, 1982]
[1048429, 2832]
[1048430, 3681]
[1048432, 434]
[1048433, 1283]
[1048434, 2132]
[1048435, 2981]
[1048436, 3831]
[1048438, 583]
[1048439, 1432]
[1048440, 2282]
[1048441, 3131]
[1048442, 3980]
[1048444, 733]
[1048445, 1582]
[1048446, 2431]
[1048447, 3281]
[1048449, 33]
[1048449, 4979]
[1048450, 1732]
[1048450, 6679]
[1048451, 3432]
[1048452, 185]
[1048452, 5131]
[1048453, 1884]
[1048453, 6831]
[1048454, 3584]
[1048455, 2810]
[1048455, 7756]
[1048456, 4509]
[1048457, 1263]
[1048457, 6209]
[1048458, 2962]
[1048458, 7908]
[1048459, 4661]
[1048460, 1415]
[1048460, 6361]
[1048461, 3114]
[1048461, 8060]
[1048462, 4813]
[1048463, 1567]
[1048463, 6513]
[1048464, 3266]
[1048465, 19]
[1048465, 4966]
[1048466, 1719]
[1048466, 6665]
[1048467, 3418]
[1048468, 171]
[1048468, 5118]
[1048469, 1871]
[1048469, 6817]
[1048470, 3570]
[1048471, 323]
[1048471, 5270]
[1048472, 2023]
[1048472, 6969]
[1048473, 3722]
[1048474, 475]
[1048474, 5422]
[1048475, 2175]
[1048475, 7121]
[1048476, 3874]
[1048477, 627]
[1048477, 5574]
[1048478, 2327]
[1048478, 7273]
[1048479, 4026]
[1048480, 779]
[1048480, 5726]
[1048481, 2479]
[1048481, 7425]
[1048482, 4178]
[1048483, 931]
[1048483, 5878]
[1048484, 2631]
[1048484, 7577]
[1048485, 4330]
[1048486, 1083]
[1048486, 6030]
[1048487, 2783]
[1048487, 7729]
[1048488, 4482]
[1048489, 1235]
[1048489, 6182]
[1048490, 2935]
[1048490, 7881]
[1048491, 4634]
[1048492, 1387]
[1048492, 6334]
[1048493, 3087]
[1048493, 8033]
[1048494, 4786]
[1048495, 1539]
[1048495, 6486]
[1048496, 3239]
[1048496, 8185]
[1048497, 4938]
[1048498, 1691]
[1048498, 6638]
[1048499, 3391]
[1048500, 144]
[1048500, 5090]
[1048501, 1843]
[1048501, 6790]
[1048502, 3543]
[1048503, 296]
[1048503, 5242]
[1048504, 1995]
[1048504, 6942]
[1048505, 3695]
[1048506, 448]
[1048506, 5394]
[1048507, 2147]
[1048507, 7094]
[1048508, 3847]
[1048509, 600]
[1048509, 5546]
[1048510, 2299]
[1048510, 7246]
[1048511, 3999]
[1048512, 752]
[1048512, 5698]
[1048513, 2451]
[1048513, 7398]
[1048513, 12344]
[1048514, 905]
[1048514, 5851]
[1048514, 10797]
[1048514, 15743]
[1048515, 4304]
[1048515, 9251]
[1048515, 14197]
[1048516, 2758]
[1048516, 7704]
[1048516, 12650]
[1048517, 1211]
[1048517, 6158]
[1048517, 11104]
[1048517, 16050]
[1048518, 4611]
[1048518, 9557]
[1048519, 591]
[1048519, 5538]
[1048519, 10484]
[1048519, 15430]
[1048520, 3991]
[1048520, 8937]
[1048520, 13883]
[1048521, 2444]
[1048521, 7391]
[1048521, 12337]
[1048522, 898]
[1048522, 5844]
[1048522, 10790]
[1048522, 15736]
[1048523, 4297]
[1048523, 9244]
[1048523, 14190]
[1048524, 2751]
[1048524, 7697]
[1048524, 12643]
[1048525, 1204]
[1048525, 6151]
[1048525, 11097]
[1048525, 16043]
[1048526, 4604]
[1048526, 9550]
[1048526, 14496]
[1048527, 3057]
[1048527, 8004]
[1048527, 12950]
[1048528, 1511]
[1048528, 6457]
[1048528, 11403]
[1048528, 16349]
[1048529, 4910]
[1048529, 9857]
[1048529, 14803]
[1048530, 3364]
[1048530, 8310]
[1048530, 13256]
[1048531, 1817]
[1048531, 6764]
[1048531, 11710]
[1048532, 271]
[1048532, 5217]
[1048532, 10163]
[1048532, 15109]
[1048533, 3670]
[1048533, 8617]
[1048533, 13563]
[1048534, 2124]
[1048534, 7070]
[1048534, 12016]
[1048535, 577]
[1048535, 5524]
[1048535, 10470]
[1048535, 15416]
[1048536, 3977]
[1048536, 8923]
[1048536, 13869]
[1048537, 2430]
[1048537, 7377]
[1048537, 12323]
[1048538, 884]
[1048538, 5830]
[1048538, 10776]
[1048538, 15722]
[1048539, 4283]
[1048539, 9230]
[1048539, 14176]
[1048540, 2737]
[1048540, 7683]
[1048540, 12629]
[1048541, 1190]
[1048541, 6137]
[1048541, 11083]
[1048541, 16029]
[1048542, 4590]
[1048542, 9536]
[1048542, 14482]
[1048543, 3043]
[1048543, 7990]
[1048543, 12936]
[1048544, 1497]
[1048544, 6443]
[1048544, 11389]
[1048544, 16335]
[1048545, 4896]
[1048545, 9843]
[1048545, 14789]
[1048545, 19735]
[1048545, 24681]
[1048545, 29627]
[1048546, 1804]
[1048546, 6750]
[1048546, 11696]
[1048546, 16642]
[1048546, 21588]
[1048546, 26534]
[1048546, 31480]
[1048547, 3657]
[1048547, 8604]
[1048547, 13550]
[1048547, 18496]
[1048547, 23442]
[1048547, 28388]
[1048548, 565]
[1048548, 5511]
[1048548, 10457]
[1048548, 15403]
[1048548, 20349]
[1048548, 25295]
[1048548, 30241]
[1048549, 2418]
[1048549, 7365]
[1048549, 12311]
[1048549, 17257]
[1048549, 22203]
[1048549, 27149]
[1048549, 32095]
[1048550, 4272]
[1048550, 11691]
[1048550, 16637]
[1048550, 21583]
[1048550, 26529]
[1048550, 31475]
[1048551, 3652]
[1048551, 8599]
[1048551, 13545]
[1048551, 18491]
[1048551, 23437]
[1048551, 28383]
[1048552, 560]
[1048552, 5506]
[1048552, 10452]
[1048552, 15398]
[1048552, 20344]
[1048552, 25290]
[1048552, 30236]
[1048553, 2413]
[1048553, 7360]
[1048553, 12306]
[1048553, 17252]
[1048553, 22198]
[1048553, 27144]
[1048553, 32090]
[1048554, 4267]
[1048554, 9213]
[1048554, 14159]
[1048554, 19105]
[1048554, 24051]
[1048554, 28997]
[1048555, 1174]
[1048555, 6121]
[1048555, 11067]
[1048555, 16013]
[1048555, 20959]
[1048555, 25905]
[1048555, 30851]
[1048556, 3028]
[1048556, 7974]
[1048556, 12920]
[1048556, 17866]
[1048556, 22812]
[1048556, 27758]
[1048556, 32704]
[1048557, 4881]
[1048557, 9828]
[1048557, 14774]
[1048557, 19720]
[1048557, 24666]
[1048557, 29612]
[1048558, 1789]
[1048558, 6735]
[1048558, 11681]
[1048558, 16627]
[1048558, 21573]
[1048558, 26519]
[1048558, 31465]
[1048559, 3642]
[1048559, 8589]
[1048559, 13535]
[1048559, 18481]
[1048559, 23427]
[1048559, 28373]
[1048560, 550]
[1048560, 5496]
[1048560, 10442]
[1048560, 15388]
[1048560, 20334]
[1048560, 25280]
[1048560, 30226]
[1048561, 2403]
[1048561, 7350]
[1048561, 12296]
[1048561, 17242]
[1048561, 22188]
[1048561, 27134]
[1048561, 32080]
[1048561, 37026]
[1048561, 41972]
[1048561, 46918]
[1048561, 51864]
[1048561, 56810]
[1048561, 61756]
[1048562, 1165]
[1048562, 6111]
[1048562, 11057]
[1048562, 16003]
[1048562, 20949]
[1048562, 25895]
[1048562, 30841]
[1048562, 35787]
[1048562, 40733]
[1048562, 45679]
[1048562, 50625]
[1048562, 55571]
[1048562, 60517]
[1048562, 65463]
[1048563, 4872]
[1048563, 9819]
[1048563, 14765]
[1048563, 19711]
[1048563, 24657]
[1048563, 29603]
[1048563, 34549]
[1048563, 39495]
[1048563, 44441]
[1048563, 49387]
[1048563, 54333]
[1048563, 59279]
[1048563, 64225]
[1048564, 3634]
[1048564, 8580]
[1048564, 13526]
[1048564, 18472]
[1048564, 23418]
[1048564, 28364]
[1048564, 33310]
[1048564, 40729]
[1048564, 45675]
[1048564, 50621]
[1048564, 55567]
[1048564, 60513]
[1048564, 65459]
[1048565, 4868]
[1048565, 9815]
[1048565, 14761]
[1048565, 19707]
[1048565, 24653]
[1048565, 29599]
[1048565, 34545]
[1048565, 39491]
[1048565, 44437]
[1048565, 49383]
[1048565, 54329]
[1048565, 59275]
[1048565, 64221]
[1048566, 3630]
[1048566, 8576]
[1048566, 13522]
[1048566, 18468]
[1048566, 23414]
[1048566, 28360]
[1048566, 33306]
[1048566, 38252]
[1048566, 43198]
[1048566, 48144]
[1048566, 53090]
[1048566, 58036]
[1048566, 62982]
[1048567, 2391]
[1048567, 7338]
[1048567, 12284]
[1048567, 17230]
[1048567, 22176]
[1048567, 27122]
[1048567, 32068]
[1048567, 37014]
[1048567, 41960]
[1048567, 46906]
[1048567, 51852]
[1048567, 56798]
[1048567, 61744]
[1048568, 1153]
[1048568, 6099]
[1048568, 11045]
[1048568, 15991]
[1048568, 20937]
[1048568, 25883]
[1048568, 30829]
[1048568, 35775]
[1048568, 40721]
[1048568, 45667]
[1048568, 50613]
[1048568, 55559]
[1048568, 60505]
[1048568, 65451]
[1048569, 4860]
[1048569, 9807]
[1048569, 14753]
[1048569, 19699]
[1048569, 24645]
[1048569, 29591]
[1048569, 34537]
[1048569, 39483]
[1048569, 44429]
[1048569, 49375]
[1048569, 54321]
[1048569, 59267]
[1048569, 64213]
[1048569, 69159]
[1048569, 74105]
[1048569, 79051]
[1048569, 83997]
[1048569, 88943]
[1048569, 93889]
[1048569, 98835]
[1048569, 103781]
[1048569, 108727]
[1048569, 113673]
[1048569, 118619]
[1048569, 123565]
[1048569, 128511]
[1048570, 2384]
[1048570, 7330]
[1048570, 12276]
[1048570, 17222]
[1048570, 22168]
[1048570, 27114]
[1048570, 32060]
[1048570, 37006]
[1048570, 41952]
[1048570, 46898]
[1048570, 51844]
[1048570, 56790]
[1048570, 61736]
[1048570, 66682]
[1048570, 71628]
[1048570, 76574]
[1048570, 81520]
[1048570, 86466]
[1048570, 91412]
[1048570, 96358]
[1048570, 101304]
[1048570, 106250]
[1048570, 111196]
[1048570, 116142]
[1048570, 121088]
[1048570, 126034]
[1048570, 130980]
[1048571, 4853]
[1048571, 9800]
[1048571, 14746]
[1048571, 19692]
[1048571, 24638]
[1048571, 29584]
[1048571, 37003]
[1048571, 41949]
[1048571, 46895]
[1048571, 51841]
[1048571, 56787]
[1048571, 61733]
[1048571, 66679]
[1048571, 71625]
[1048571, 76571]
[1048571, 81517]
[1048571, 86463]
[1048571, 91409]
[1048571, 96355]
[1048571, 101301]
[1048571, 106247]
[1048571, 111193]
[1048571, 116139]
[1048571, 121085]
[1048571, 126031]
[1048571, 130977]
[1048572, 4850]
[1048572, 9796]
[1048572, 14742]
[1048572, 19688]
[1048572, 24634]
[1048572, 29580]
[1048572, 34526]
[1048572, 39472]
[1048572, 44418]
[1048572, 49364]
[1048572, 54310]
[1048572, 59256]
[1048572, 64202]
[1048572, 69148]
[1048572, 74094]
[1048572, 79040]
[1048572, 83986]
[1048572, 88932]
[1048572, 93878]
[1048572, 98824]
[1048572, 103770]
[1048572, 108716]
[1048572, 113662]
[1048572, 118608]
[1048572, 123554]
[1048572, 128500]
[1048573, 2373]
[1048573, 7320]
[1048573, 12266]
[1048573, 17212]
[1048573, 22158]
[1048573, 27104]
[1048573, 32050]
[1048573, 36996]
[1048573, 41942]
[1048573, 46888]
[1048573, 51834]
[1048573, 56780]
[1048573, 61726]
[1048573, 66672]
[1048573, 71618]
[1048573, 76564]
[1048573, 81510]
[1048573, 86456]
[1048573, 91402]
[1048573, 96348]
[1048573, 101294]
[1048573, 106240]
[1048573, 111186]
[1048573, 116132]
[1048573, 121078]
[1048573, 126024]
[1048573, 130970]
[1048573, 135916]
[1048573, 140862]
[1048573, 145808]
[1048573, 150754]
[1048573, 155700]
[1048573, 160646]
[1048573, 165592]
[1048573, 170538]
[1048573, 175484]
[1048573, 180430]
[1048573, 185376]
[1048573, 190322]
[1048573, 195268]
[1048573, 200214]
[1048573, 205160]
[1048573, 210106]
[1048573, 215052]
[1048573, 219998]
[1048573, 224944]
[1048573, 229890]
[1048573, 234836]
[1048573, 239782]
[1048573, 244728]
[1048573, 249674]
[1048573, 254620]
[1048573, 259566]
[1048574, 2367]
[1048574, 7313]
[1048574, 12259]
[1048574, 17205]
[1048574, 22151]
[1048574, 27097]
[1048574, 32043]
[1048574, 36989]
[1048574, 41935]
[1048574, 46881]
[1048574, 51827]
[1048574, 56773]
[1048574, 61719]
[1048574, 66665]
[1048574, 71611]
[1048574, 76557]
[1048574, 81503]
[1048574, 86449]
[1048574, 91395]
[1048574, 96341]
[1048574, 101287]
[1048574, 106233]
[1048574, 111179]
[1048574, 116125]
[1048574, 123544]
[1048574, 128490]
[1048574, 133436]
[1048574, 138382]
[1048574, 143328]
[1048574, 148274]
[1048574, 153220]
[1048574, 158166]
[1048574, 163112]
[1048574, 168058]
[1048574, 173004]
[1048574, 177950]
[1048574, 182896]
[1048574, 187842]
[1048574, 192788]
[1048574, 197734]
[1048574, 202680]
[1048574, 207626]
[1048574, 212572]
[1048574, 217518]
[1048574, 222464]
[1048574, 227410]
[1048574, 232356]
[1048574, 237302]
[1048574, 242248]
[1048574, 247194]
[1048574, 252140]
[1048574, 257086]
[1048574, 262032]
[1048575, 4833]
[1048575, 9780]
[1048575, 14726]
[1048575, 19672]
[1048575, 24618]
[1048575, 29564]
[1048575, 34510]
[1048575, 39456]
[1048575, 44402]
[1048575, 49348]
[1048575, 54294]
[1048575, 59240]
[1048575, 64186]
[1048575, 69132]
[1048575, 74078]
[1048575, 79024]
[1048575, 83970]
[1048575, 88916]
[1048575, 93862]
[1048575, 98808]
[1048575, 103754]
[1048575, 108700]
[1048575, 113646]
[1048575, 118592]
[1048575, 123538]
[1048575, 128484]
[1048575, 133430]
[1048575, 138376]
[1048575, 143322]
[1048575, 148268]
[1048575, 153214]
[1048575, 158160]
[1048575, 163106]
[1048575, 168052]
[1048575, 172998]
[1048575, 177944]
[1048575, 182890]
[1048575, 187836]
[1048575, 192782]
[1048575, 197728]
[1048575, 202674]
[1048575, 207620]
[1048575, 212566]
[1048575, 217512]
[1048575, 222458]
[1048575, 227404]
[1048575, 232350]
[1048575, 237296]
[1048575, 242242]
[1048575, 247188]
[1048575, 252134]
[1048575, 257080]
[1048575, 262026]
[1048575, 266972]
[1048575, 271918]
[1048575, 276864]
[1048575, 281810]
[1048575, 286756]
[1048575, 291702]
[1048575, 296648]
[1048575, 301594]
[1048575, 306540]
[1048575, 311486]
[1048575, 316432]
[1048575, 321378]
[1048575, 326324]
[1048575, 331270]
[1048575, 336216]
[1048575, 341162]
[1048575, 346108]
[1048575, 351054]
[1048575, 356000]
[1048575, 360946]
[1048575, 365892]
[1048575, 370838]
[1048575, 375784]
[1048575, 380730]
[1048575, 385676]
[1048575, 390622]
[1048575, 395568]
[1048575, 400514]
[1048575, 405460]
[1048575, 410406]
[1048575, 415352]
[1048575, 420298]
[1048575, 425244]
[1048575, 430190]
[1048575, 435136]
[1048575, 440082]
[1048575, 445028]
[1048575, 449974]
[1048575, 454920]
[1048575, 462339]
[1048575, 467285]
[1048575, 472231]
[1048575, 477177]
[1048575, 482123]
[1048575, 487069]
[1048575, 492015]
[1048575, 496961]
[1048575, 501907]
[1048575, 506853]
[1048575, 511799]
[1048575, 516745]
[1048575, 521691]
[1, 0]
[2789, 1]
[5578, 1]
[8367, 1]
[11156, 1]
[13944, 1]
[16733, 1]
[19522, 1]
[22311, 1]
[25099, 1]
[27888, 1]
[30677, 1]
[33466, 1]
[36254, 1]
[39043, 1]
[41832, 1]
[44621, 1]
[47409, 1]
[50198, 1]
[52987, 1]
[55776, 1]
[58564, 1]
[61353, 1]
[64142, 1]
[66931, 1]
[69719, 1]
[72508, 1]
[75297, 1]
[78086, 1]
[80874, 1]
[83663, 1]
[86452, 1]
[89241, 1]
[93424, 1]
[96212, 1]
[99001, 1]
[101790, 1]
[104579, 1]
[107367, 1]
[110156, 1]
[112945, 1]
[115734, 1]
[118522, 1]
[121311, 1]
[124100, 1]
[126889, 1]
[129677, 1]
[132466, 1]
[135255, 1]
[138044, 1]
[140832, 1]
[143621, 1]
[146410, 1]
[149199, 1]
[151987, 1]
[154776, 1]
[157565, 1]
[160354, 1]
[163142, 1]
[165931, 1]
[168720, 1]
[171509, 1]
[174297, 1]
[177086, 1]
[179875, 1]
[182664, 1]
[185452, 1]
[188241, 1]
[191030, 1]
[193819, 1]
[196607, 1]
[199396, 1]
[202185, 1]
[204974, 1]
[207762, 1]
[210551, 1]
[213340, 1]
[216129, 1]
[218917, 1]
[221706, 1]
[224495, 1]
[227284, 1]
[230072, 1]
[232861, 1]
[235650, 1]
[238439, 1]
[241227, 1]
[244016, 1]
[246805, 1]
[249594, 1]
[252382, 1]
[255171, 1]
[257960, 1]
[260749, 1]
[263537, 1]
[266326, 1]
[269115, 1]
[271904, 1]
[274692, 1]
[277481, 1]
[280270, 1]
[283059, 1]
[285847, 1]
[288636, 1]
[291425, 1]
[294214, 1]
[297002, 1]
[299791, 1]
[302580, 1]
[305369, 1]
[308157, 1]
[310946, 1]
[313735, 1]
[316524, 1]
[319312, 1]
[322101, 1]
[324890, 1]
[327679, 1]
[330467, 1]
[333256, 1]
[336045, 1]
[338834, 1]
[341622, 1]
[344411, 1]
[347200, 1]
[349989, 1]
[352777, 1]
[355566, 1]
[358355, 1]
[361144, 1]
[363932, 1]
[366721, 1]
[369510, 1]
[372299, 1]
[375087, 1]
[377876, 1]
[380665, 1]
[383454, 1]
[386242, 1]
[389031, 1]
[391820, 1]
[394609, 1]
[397397, 1]
[400186, 1]
[402975, 1]
[405764, 1]
[408552, 1]
[411341, 1]
[414130, 1]
[416919, 1]
[419707, 1]
[422496, 1]
[425285, 1]
[428074, 1]
[430862, 1]
[433651, 1]
[436440, 1]
[439229, 1]
[442017, 1]
[444806, 1]
[447595, 1]
[450384, 1]
[453172, 1]
[455961, 1]
[458750, 1]
[461539, 1]
[464327, 1]
[467116, 1]
[469905, 1]
[472694, 1]
[475482, 1]
[478271, 1]
[481060, 1]
[483849, 1]
[486637, 1]
[489426, 1]
[492215, 1]
[495004, 1]
[497792, 1]
[500581, 1]
[503370, 1]
[506159, 1]
[508947, 1]
[511736, 1]
[514525, 1]
[517314, 1]
[520102, 1]
[522891, 1]
[525178, 2]
[526962, 2]
[528745, 2]
[530528, 1]
[532311, 2]
[534095, 2]
[535878, 1]
[537661, 2]
[539444, 2]
[541228, 2]
[543011, 1]
[544794, 2]
[546578, 2]
[548361, 2]
[550144, 1]
[551927, 2]
[553711, 2]
[555494, 1]
[557277, 2]
[559060, 2]
[560844, 2]
[562627, 1]
[564410, 2]
[566194, 2]
[567977, 2]
[569760, 1]
[571543, 2]
[573327, 2]
[575110, 1]
[576893, 2]
[578676, 2]
[580460, 2]
[582243, 1]
[584026, 2]
[585810, 2]
[587593, 2]
[589376, 1]
[591159, 2]
[592943, 2]
[594726, 1]
[596509, 2]
[598292, 2]
[600076, 2]
[601859, 1]
[604534, 1]
[606317, 2]
[608100, 2]
[609884, 2]
[611667, 1]
[613450, 2]
[615234, 2]
[617017, 2]
[618800, 1]
[620583, 2]
[622367, 2]
[624150, 1]
[625933, 2]
[627716, 2]
[629500, 2]
[631283, 1]
[633066, 2]
[634850, 2]
[636633, 2]
[638416, 1]
[640199, 2]
[641983, 2]
[643766, 1]
[645549, 2]
[647332, 2]
[649116, 2]
[650899, 1]
[652682, 2]
[654466, 2]
[656249, 2]
[658032, 1]
[659815, 2]
[661599, 2]
[663382, 1]
[665165, 2]
[666948, 2]
[668732, 2]
[670515, 1]
[672298, 2]
[674082, 2]
[675865, 2]
[677648, 1]
[679431, 2]
[681215, 2]
[682998, 1]
[684781, 2]
[686564, 2]
[688348, 2]
[690131, 1]
[691914, 2]
[693698, 2]
[695481, 2]
[697264, 1]
[699047, 2]
[700831, 2]
[702614, 1]
[704397, 2]
[706180, 2]
[707964, 2]
[709747, 1]
[711530, 2]
[713314, 2]
[715097, 2]
[716880, 1]
[718663, 2]
[720447, 2]
[722230, 1]
[724013, 2]
[725796, 2]
[727580, 2]
[729363, 1]
[731146, 2]
[732930, 2]
[734713, 2]
[736496, 1]
[738279, 2]
[740063, 2]
[741846, 1]
[743629, 2]
[745412, 2]
[747196, 2]
[748979, 1]
[750762, 2]
[752546, 2]
[754329, 2]
[756112, 1]
[757895, 2]
[759679, 2]
[761462, 1]
[763245, 2]
[765028, 2]
[766812, 2]
[768595, 1]
[770378, 2]
[772162, 2]
[773945, 2]
[775728, 1]
[777511, 2]
[779295, 2]
[781078, 1]
[782861, 2]
[784644, 2]
[786428, 2]
[787466, 2]
[788502, 2]
[789538, 3]
[790574, 4]
[791610, 4]
[792647, 4]
[793683, 1]
[794719, 1]
[795755, 2]
[796791, 3]
[797827, 3]
[798863, 4]
[799900, 4]
[800936, 4]
[801972, 1]
[803008, 2]
[804044, 3]
[805080, 3]
[806116, 4]
[807153, 4]
[808189, 4]
[809225, 1]
[810261, 2]
[811297, 3]
[812333, 3]
[813369, 4]
[814406, 4]
[815442, 4]
[816478, 1]
[817514, 2]
[818550, 2]
[819586, 3]
[820622, 4]
[821658, 4]
[822695, 4]
[823731, 1]
[824767, 2]
[825803, 2]
[826839, 3]
[827875, 4]
[828911, 4]
[829948, 4]
[830984, 1]
[832020, 1]
[833056, 2]
[834092, 3]
[835128, 3]
[836164, 4]
[837201, 4]
[838237, 4]
[839273, 1]
[840309, 2]
[841345, 3]
[842381, 3]
[843417, 4]
[844454, 4]
[845490, 4]
[846526, 1]
[847562, 2]
[848598, 3]
[849634, 3]
[850670, 4]
[851707, 4]
[852743, 4]
[853779, 1]
[854815, 2]
[855851, 2]
[857405, 3]
[858441, 4]
[859478, 4]
[860514, 4]
[861550, 1]
[862586, 2]
[863622, 3]
[864658, 3]
[865694, 4]
[866731, 4]
[867767, 4]
[868803, 1]
[869839, 2]
[870875, 2]
[871911, 3]
[872947, 4]
[873983, 4]
[875020, 4]
[876056, 1]
[877092, 2]
[878128, 2]
[879164, 3]
[880200, 4]
[881236, 4]
[882273, 4]
[883309, 1]
[884345, 1]
[885381, 2]
[886417, 3]
[887453, 3]
[888489, 4]
[889526, 4]
[890562, 4]
[891598, 1]
[892634, 2]
[893670, 3]
[894706, 3]
[895742, 4]
[896779, 4]
[897815, 4]
[898851, 1]
[899887, 2]
[900923, 3]
[901959, 3]
[902995, 4]
[904032, 4]
[905068, 4]
[906104, 1]
[907140, 2]
[908176, 2]
[909212, 3]
[910248, 4]
[911284, 4]
[912321, 4]
[913357, 1]
[914393, 2]
[915429, 2]
[916465, 3]
[917501, 4]
[918067, 8]
[918630, 6]
[919194, 4]
[919758, 2]
[920321, 8]
[920885, 6]
[921449, 4]
[922013, 2]
[922576, 8]
[923140, 6]
[923704, 4]
[924268, 1]
[924831, 8]
[925395, 6]
[925959, 4]
[926523, 1]
[927086, 8]
[927650, 6]
[928214, 3]
[928778, 1]
[929341, 8]
[929905, 6]
[930469, 3]
[931033, 1]
[931596, 8]
[932160, 5]
[932724, 3]
[933288, 1]
[933851, 7]
[934415, 5]
[934979, 3]
[935543, 8]
[936106, 7]
[936670, 5]
[937234, 3]
[937798, 8]
[938361, 7]
[938925, 5]
[939489, 2]
[940053, 8]
[940616, 7]
[941180, 5]
[941744, 2]
[942308, 8]
[942871, 7]
[943435, 4]
[943999, 2]
[944563, 8]
[945126, 7]
[945690, 4]
[946254, 2]
[946818, 8]
[947381, 6]
[947945, 4]
[948509, 2]
[949072, 8]
[949636, 6]
[950200, 4]
[950764, 2]
[951327, 8]
[951891, 6]
[952455, 4]
[953019, 1]
[953582, 8]
[954146, 6]
[954710, 4]
[955274, 1]
[955837, 8]
[956401, 6]
[956965, 3]
[957529, 1]
[958092, 8]
[958656, 6]
[959220, 3]
[959784, 1]
[960347, 8]
[960911, 5]
[961475, 3]
[962039, 1]
[962602, 7]
[963166, 5]
[963730, 3]
[964294, 8]
[964857, 7]
[965421, 5]
[965985, 3]
[966549, 8]
[967112, 7]
[967958, 4]
[968522, 1]
[969085, 8]
[969649, 6]
[970213, 3]
[970777, 1]
[971340, 8]
[971904, 6]
[972468, 3]
[973032, 1]
[973595, 8]
[974159, 5]
[974723, 3]
[975287, 1]
[975850, 7]
[976414, 5]
[976978, 3]
[977542, 8]
[978105, 7]
[978669, 5]
[979233, 3]
[979797, 8]
[980360, 7]
[980924, 5]
[981488, 2]
[982052, 8]
[982615, 7]
[983113, 8]
[983408, 5]
[983703, 3]
[983998, 1]
[984292, 16]
[984587, 14]
[984882, 12]
[985177, 10]
[985472, 7]
[985767, 5]
[986062, 3]
[986357, 1]
[986651, 16]
[986946, 14]
[987241, 11]
[987536, 9]
[987831, 7]
[988126, 5]
[988421, 3]
[988716, 1]
[989010, 15]
[989305, 13]
[989600, 11]
[989895, 9]
[990190, 7]
[990485, 5]
[990780, 3]
[991075, 16]
[991369, 15]
[991664, 13]
[991959, 11]
[992254, 9]
[992549, 7]
[992844, 4]
[993139, 2]
[993434, 16]
[993728, 15]
[994023, 13]
[994318, 11]
[994613, 9]
[994908, 6]
[995203, 4]
[995498, 2]
[995793, 16]
[996087, 15]
[996382, 13]
[996677, 11]
[996972, 8]
[997267, 6]
[997562, 4]
[997857, 2]
[998152, 16]
[998446, 15]
[998741, 12]
[999036, 10]
[999331, 8]
[999626, 6]
[999921, 4]
[1000216, 2]
[1000510, 16]
[1000805, 14]
[1001100, 12]
[1001395, 10]
[1001690, 8]
[1001985, 6]
[1002280, 4]
[1002575, 2]
[1002869, 16]
[1003164, 14]
[1003459, 12]
[1003754, 10]
[1004049, 8]
[1004344, 6]
[1004639, 3]
[1004934, 1]
[1005228, 16]
[1005523, 14]
[1005818, 12]
[1006113, 10]
[1006408, 8]
[1006703, 5]
[1006998, 3]
[1007293, 1]
[1007587, 16]
[1007882, 14]
[1008177, 12]
[1008472, 10]
[1008767, 7]
[1009062, 5]
[1009357, 3]
[1009652, 1]
[1009946, 16]
[1010241, 14]
[1010536, 11]
[1010831, 9]
[1011126, 7]
[1011421, 5]
[1011716, 3]
[1012011, 1]
[1012305, 15]
[1012600, 13]
[1012895, 11]
[1013190, 9]
[1013485, 7]
[1013780, 5]
[1014222, 10]
[1014517, 8]
[1014812, 6]
[1015107, 4]
[1015402, 1]
[1015696, 16]
[1015902, 19]
[1016053, 16]
[1016204, 13]
[1016355, 11]
[1016506, 8]
[1016657, 5]
[1016808, 2]
[1016958, 32]
[1017109, 30]
[1017260, 27]
[1017411, 24]
[1017562, 21]
[1017713, 19]
[1017864, 16]
[1018015, 13]
[1018166, 10]
[1018317, 8]
[1018468, 5]
[1018619, 2]
[1018769, 32]
[1018920, 29]
[1019071, 27]
[1019222, 24]
[1019373, 21]
[1019524, 18]
[1019675, 16]
[1019826, 13]
[1019977, 10]
[1020128, 7]
[1020279, 5]
[1020430, 2]
[1020580, 32]
[1020731, 29]
[1020882, 26]
[1021033, 24]
[1021184, 21]
[1021335, 18]
[1021486, 15]
[1021637, 13]
[1021788, 10]
[1021939, 7]
[1022090, 4]
[1022241, 2]
[1022391, 32]
[1022542, 29]
[1022693, 26]
[1022844, 23]
[1022995, 21]
[1023146, 18]
[1023297, 15]
[1023448, 12]
[1023599, 10]
[1023750, 7]
[1023901, 4]
[1024052, 1]
[1024202, 31]
[1024353, 29]
[1024504, 26]
[1024655, 23]
[1024806, 20]
[1024957, 18]
[1025108, 15]
[1025259, 12]
[1025410, 9]
[1025561, 7]
[1025712, 4]
[1025863, 1]
[1026013, 31]
[1026164, 28]
[1026315, 26]
[1026466, 23]
[1026617, 20]
[1026768, 17]
[1026919, 15]
[1027070, 12]
[1027221, 9]
[1027372, 6]
[1027523, 4]
[1027674, 1]
[1027824, 31]
[1027975, 28]
[1028126, 25]
[1028277, 23]
[1028428, 20]
[1028579, 17]
[1028730, 14]
[1028881, 12]
[1029032, 9]
[1029183, 6]
[1029334, 3]
[1029485, 32]
[1029635, 31]
[1029786, 28]
[1029937, 25]
[1030088, 22]
[1030239, 20]
[1030390, 17]
[1030541, 14]
[1030692, 11]
[1030843, 9]
[1030994, 6]
[1031145, 3]
[1031296, 32]
[1031446, 30]
[1031597, 28]
[1031748, 25]
[1031899, 22]
[1032050, 19]
[1032197, 20]
[1032273, 43]
[1032350, 2]
[1032426, 25]
[1032502, 48]
[1032579, 7]
[1032655, 30]
[1032731, 53]
[1032808, 12]
[1032884, 35]
[1032960, 58]
[1033037, 17]
[1033113, 40]
[1033189, 64]
[1033266, 22]
[1033342, 45]
[1033419, 4]
[1033495, 27]
[1033571, 51]
[1033648, 9]
[1033724, 32]
[1033800, 56]
[1033877, 14]
[1033953, 37]
[1034029, 61]
[1034106, 19]
[1034220, 54]
[1034297, 13]
[1034373, 36]
[1034449, 59]
[1034526, 18]
[1034602, 41]
[1034678, 64]
[1034755, 23]
[1034831, 46]
[1034908, 5]
[1034984, 28]
[1035060, 51]
[1035137, 10]
[1035213, 33]
[1035289, 56]
[1035366, 15]
[1035442, 38]
[1035518, 62]
[1035595, 20]
[1035671, 43]
[1035748, 2]
[1035824, 25]
[1035900, 49]
[1035977, 7]
[1036053, 30]
[1036129, 54]
[1036206, 12]
[1036282, 35]
[1036358, 59]
[1036435, 17]
[1036511, 40]
[1036587, 64]
[1036664, 22]
[1036740, 45]
[1036817, 4]
[1036893, 27]
[1036969, 51]
[1037046, 9]
[1037122, 32]
[1037198, 56]
[1037275, 14]
[1037351, 37]
[1037427, 61]
[1037504, 19]
[1037580, 42]
[1037657, 1]
[1037733, 24]
[1037809, 48]
[1037886, 6]
[1037962, 29]
[1038038, 53]
[1038115, 11]
[1038191, 34]
[1038267, 58]
[1038344, 16]
[1038420, 39]
[1038496, 63]
[1038573, 21]
[1038649, 44]
[1038726, 3]
[1038802, 26]
[1038878, 50]
[1038955, 8]
[1039031, 31]
[1039107, 55]
[1039184, 13]
[1039260, 36]
[1039336, 60]
[1039413, 18]
[1039489, 41]
[1039566, 64]
[1039642, 23]
[1039718, 46]
[1039795, 5]
[1039871, 28]
[1039947, 52]
[1040024, 10]
[1040100, 33]
[1040176, 57]
[1040253, 15]
[1040329, 38]
[1040395, 70]
[1040433, 122]
[1040472, 46]
[1040510, 99]
[1040549, 23]
[1040587, 75]
[1040625, 128]
[1040664, 52]
[1040702, 105]
[1040741, 28]
[1040779, 81]
[1040818, 5]
[1040856, 58]
[1040894, 110]
[1040933, 34]
[1040971, 87]
[1041010, 11]
[1041048, 64]
[1041086, 116]
[1041125, 40]
[1041163, 93]
[1041202, 17]
[1041240, 69]
[1041278, 122]
[1041317, 46]
[1041355, 99]
[1041394, 22]
[1041432, 75]
[1041470, 128]
[1041509, 52]
[1041547, 104]
[1041586, 28]
[1041624, 81]
[1041663, 5]
[1041701, 57]
[1041739, 110]
[1041778, 34]
[1041816, 87]
[1041855, 11]
[1041893, 63]
[1041931, 116]
[1041970, 40]
[1042008, 93]
[1042047, 16]
[1042085, 69]
[1042123, 122]
[1042162, 46]
[1042200, 98]
[1042239, 22]
[1042277, 75]
[1042315, 128]
[1042354, 51]
[1042392, 104]
[1042431, 28]
[1042488, 107]
[1042527, 31]
[1042565, 84]
[1042604, 7]
[1042642, 60]
[1042680, 113]
[1042719, 37]
[1042757, 89]
[1042796, 13]
[1042834, 66]
[1042872, 119]
[1042911, 42]
[1042949, 95]
[1042988, 19]
[1043026, 72]
[1043064, 124]
[1043103, 48]
[1043141, 101]
[1043180, 25]
[1043218, 78]
[1043257, 1]
[1043295, 54]
[1043333, 107]
[1043372, 31]
[1043410, 83]
[1043449, 7]
[1043487, 60]
[1043525, 113]
[1043564, 36]
[1043602, 89]
[1043641, 13]
[1043679, 66]
[1043717, 118]
[1043756, 42]
[1043794, 95]
[1043833, 19]
[1043871, 72]
[1043909, 124]
[1043948, 48]
[1043986, 101]
[1044025, 25]
[1044063, 77]
[1044102, 1]
[1044140, 54]
[1044178, 107]
[1044217, 30]
[1044255, 83]
[1044294, 7]
[1044332, 60]
[1044370, 112]
[1044409, 36]
[1044447, 89]
[1044483, 143]
[1044502, 211]
[1044522, 21]
[1044541, 89]
[1044560, 156]
[1044579, 223]
[1044599, 34]
[1044618, 101]
[1044637, 169]
[1044656, 236]
[1044676, 46]
[1044695, 114]
[1044714, 181]
[1044733, 249]
[1044753, 59]
[1044772, 127]
[1044791, 194]
[1044811, 4]
[1044830, 72]
[1044849, 139]
[1044868, 207]
[1044888, 17]
[1044907, 85]
[1044926, 152]
[1044945, 219]
[1044965, 30]
[1044984, 97]
[1045003, 165]
[1045022, 232]
[1045042, 42]
[1045061, 110]
[1045080, 177]
[1045099, 245]
[1045119, 55]
[1045138, 123]
[1045157, 190]
[1045177, 256]
[1045196, 68]
[1045215, 135]
[1045234, 203]
[1045254, 13]
[1045273, 81]
[1045292, 148]
[1045311, 215]
[1045331, 26]
[1045350, 93]
[1045369, 161]
[1045388, 228]
[1045408, 38]
[1045427, 106]
[1045446, 173]
[1045465, 241]
[1045485, 51]
[1045504, 119]
[1045523, 186]
[1045542, 253]
[1045562, 64]
[1045581, 131]
[1045600, 199]
[1045620, 9]
[1045639, 77]
[1045658, 144]
[1045677, 211]
[1045697, 22]
[1045716, 89]
[1045735, 157]
[1045754, 224]
[1045774, 34]
[1045793, 102]
[1045812, 169]
[1045831, 237]
[1045851, 47]
[1045870, 115]
[1045889, 182]
[1045908, 249]
[1045928, 60]
[1045947, 127]
[1045966, 195]
[1045995, 167]
[1046014, 235]
[1046034, 45]
[1046053, 113]
[1046072, 180]
[1046091, 247]
[1046111, 58]
[1046130, 125]
[1046149, 193]
[1046169, 3]
[1046188, 71]
[1046207, 138]
[1046226, 205]
[1046246, 16]
[1046265, 83]
[1046284, 151]
[1046303, 218]
[1046323, 28]
[1046342, 96]
[1046361, 163]
[1046380, 231]
[1046400, 41]
[1046419, 109]
[1046438, 176]
[1046457, 243]
[1046477, 54]
[1046496, 121]
[1046515, 189]
[1046532, 2]
[1046541, 333]
[1046551, 151]
[1046560, 482]
[1046570, 301]
[1046580, 119]
[1046589, 450]
[1046599, 268]
[1046609, 87]
[1046618, 418]
[1046628, 236]
[1046638, 54]
[1046647, 386]
[1046657, 204]
[1046667, 22]
[1046676, 353]
[1046686, 172]
[1046695, 503]
[1046705, 321]
[1046715, 139]
[1046724, 471]
[1046734, 289]
[1046744, 107]
[1046753, 438]
[1046763, 257]
[1046773, 75]
[1046782, 406]
[1046792, 224]
[1046802, 43]
[1046811, 374]
[1046821, 192]
[1046831, 10]
[1046840, 342]
[1046850, 160]
[1046859, 491]
[1046869, 309]
[1046879, 128]
[1046888, 459]
[1046898, 277]
[1046908, 95]
[1046917, 427]
[1046927, 245]
[1046937, 63]
[1046946, 394]
[1046956, 213]
[1046966, 31]
[1046975, 362]
[1046985, 180]
[1046994, 511]
[1047004, 330]
[1047014, 148]
[1047023, 479]
[1047033, 297]
[1047043, 116]
[1047052, 447]
[1047062, 265]
[1047072, 83]
[1047081, 415]
[1047091, 233]
[1047101, 51]
[1047110, 382]
[1047120, 201]
[1047130, 19]
[1047139, 350]
[1047149, 168]
[1047158, 499]
[1047168, 318]
[1047178, 136]
[1047187, 467]
[1047197, 285]
[1047207, 104]
[1047216, 435]
[1047226, 253]
[1047236, 71]
[1047245, 403]
[1047255, 221]
[1047265, 39]
[1047274, 370]
[1047284, 189]
[1047294, 7]
[1047303, 338]
[1047313, 156]
[1047322, 487]
[1047332, 306]
[1047342, 124]
[1047351, 455]
[1047361, 273]
[1047371, 92]
[1047380, 423]
[1047390, 241]
[1047400, 59]
[1047409, 391]
[1047419, 209]
[1047429, 27]
[1047438, 358]
[1047448, 177]
[1047457, 508]
[1047467, 326]
[1047477, 144]
[1047486, 476]
[1047496, 294]
[1047506, 112]
[1047515, 443]
[1047525, 262]
[1047539, 502]
[1047549, 320]
[1047556, 141]
[1047560, 988]
[1047565, 810]
[1047570, 632]
[1047575, 454]
[1047580, 277]
[1047585, 99]
[1047589, 946]
[1047594, 768]
[1047599, 590]
[1047604, 412]
[1047609, 234]
[1047614, 57]
[1047618, 904]
[1047623, 726]
[1047628, 548]
[1047633, 370]
[1047638, 192]
[1047643, 14]
[1047647, 861]
[1047652, 684]
[1047657, 506]
[1047662, 328]
[1047667, 150]
[1047671, 997]
[1047676, 819]
[1047681, 641]
[1047686, 464]
[1047691, 286]
[1047696, 108]
[1047700, 955]
[1047705, 777]
[1047710, 599]
[1047715, 421]
[1047720, 244]
[1047725, 66]
[1047729, 913]
[1047734, 735]
[1047739, 557]
[1047744, 379]
[1047749, 201]
[1047754, 24]
[1047758, 871]
[1047763, 693]
[1047768, 515]
[1047773, 337]
[1047778, 159]
[1047782, 1006]
[1047787, 828]
[1047792, 651]
[1047797, 473]
[1047802, 295]
[1047807, 117]
[1047811, 964]
[1047816, 786]
[1047821, 608]
[1047826, 431]
[1047831, 253]
[1047836, 75]
[1047840, 922]
[1047845, 744]
[1047850, 566]
[1047855, 388]
[1047860, 211]
[1047865, 33]
[1047869, 880]
[1047874, 702]
[1047879, 524]
[1047884, 346]
[1047889, 168]
[1047893, 1015]
[1047898, 838]
[1047903, 660]
[1047908, 482]
[1047913, 304]
[1047918, 126]
[1047922, 973]
[1047927, 795]
[1047932, 618]
[1047937, 440]
[1047942, 262]
[1047947, 84]
[1047951, 931]
[1047956, 753]
[1047961, 575]
[1047966, 398]
[1047971, 220]
[1047976, 42]
[1047980, 889]
[1047985, 711]
[1047990, 533]
[1047995, 355]
[1048000, 178]
[1048005, 1024]
[1048009, 847]
[1048014, 669]
[1048019, 491]
[1048024, 313]
[1048029, 135]
[1048033, 982]
[1048038, 805]
[1048043, 627]
[1048048, 449]
[1048053, 271]
[1048058, 93]
[1048062, 940]
[1048066, 763]
[1048068, 1612]
[1048071, 411]
[1048073, 1260]
[1048076, 60]
[1048078, 908]
[1048080, 1757]
[1048083, 557]
[1048085, 1405]
[1048088, 205]
[1048090, 1053]
[1048092, 1902]
[1048095, 702]
[1048097, 1550]
[1048100, 350]
[1048102, 1198]
[1048104, 2047]
[1048107, 847]
[1048109, 1695]
[1048112, 495]
[1048114, 1343]
[1048117, 143]
[1048119, 992]
[1048121, 1840]
[1048124, 640]
[1048126, 1488]
[1048129, 288]
[1048131, 1137]
[1048133, 1985]
[1048136, 785]
[1048138, 1633]
[1048142, 857]
[1048144, 1706]
[1048147, 506]
[1048149, 1354]
[1048152, 154]
[1048154, 1002]
[1048156, 1851]
[1048159, 651]
[1048161, 1499]
[1048164, 299]
[1048166, 1147]
[1048168, 1996]
[1048171, 796]
[1048173, 1644]
[1048176, 444]
[1048178, 1292]
[1048181, 92]
[1048183, 941]
[1048185, 1789]
[1048188, 589]
[1048190, 1437]
[1048193, 237]
[1048195, 1086]
[1048197, 1934]
[1048200, 734]
[1048202, 1582]
[1048205, 382]
[1048207, 1231]
[1048210, 30]
[1048212, 879]
[1048214, 1728]
[1048217, 527]
[1048219, 1376]
[1048222, 176]
[1048224, 1024]
[1048226, 1873]
[1048229, 672]
[1048231, 1521]
[1048234, 321]
[1048236, 1169]
[1048238, 2018]
[1048241, 818]
[1048243, 1666]
[1048246, 466]
[1048248, 1314]
[1048251, 114]
[1048253, 963]
[1048255, 1811]
[1048258, 611]
[1048260, 1459]
[1048263, 259]
[1048265, 1108]
[1048267, 1956]
[1048270, 756]
[1048272, 1604]
[1048275, 404]
[1048277, 1253]
[1048280, 52]
[1048282, 901]
[1048284, 1750]
[1048287, 549]
[1048289, 1398]
[1048292, 198]
[1048294, 1046]
[1048296, 1895]
[1048299, 694]
[1048301, 1543]
[1048304, 343]
[1048306, 1191]
[1048308, 2040]
[1048311, 840]
[1048313, 1688]
[1048316, 488]
[1048318, 1336]
[1048321, 136]
[1048322, 985]
[1048323, 1835]
[1048324, 2684]
[1048325, 3533]
[1048327, 286]
[1048328, 1135]
[1048329, 1984]
[1048330, 2834]
[1048331, 3683]
[1048333, 436]
[1048334, 1285]
[1048335, 2134]
[1048336, 2983]
[1048337, 3833]
[1048339, 585]
[1048340, 1434]
[1048341, 2284]
[1048342, 3133]
[1048343, 3982]
[1048345, 735]
[1048346, 1584]
[1048347, 2433]
[1048348, 3283]
[1048350, 35]
[1048351, 884]
[1048352, 1734]
[1048353, 2583]
[1048354, 3432]
[1048356, 185]
[1048357, 1034]
[1048358, 1883]
[1048359, 2733]
[1048360, 3582]
[1048362, 335]
[1048363, 1184]
[1048364, 2033]
[1048365, 2882]
[1048366, 3732]
[1048368, 484]
[1048369, 1333]
[1048370, 2183]
[1048371, 3032]
[1048372, 3881]
[1048374, 634]
[1048375, 1483]
[1048376, 2332]
[1048377, 3182]
[1048378, 4031]
[1048380, 784]
[1048381, 1633]
[1048382, 2482]
[1048383, 3331]
[1048385, 84]
[1048386, 933]
[1048387, 1783]
[1048388, 2632]
[1048389, 3481]
[1048391, 234]
[1048392, 1083]
[1048393, 1932]
[1048394, 2782]
[1048396, 2007]
[1048397, 2857]
[1048398, 3706]
[1048400, 458]
[1048401, 1308]
[1048402, 2157]
[1048403, 3006]
[1048404, 3856]
[1048406, 608]
[1048407, 1457]
[1048408, 2307]
[1048409, 3156]
[1048410, 4005]
[1048412, 758]
[1048413, 1607]
[1048414, 2456]
[1048415, 3306]
[1048417, 58]
[1048418, 907]
[1048419, 1757]
[1048420, 2606]
[1048421, 3455]
[1048423, 208]
[1048424, 1057]
[1048425, 1906]
[1048426, 2756]
[1048427, 3605]
[1048429, 358]
[1048430, 1207]
[1048431, 2056]
[1048432, 2905]
[1048433, 3755]
[1048435, 507]
[1048436, 1356]
[1048437, 2206]
[1048438, 3055]
[1048439, 3904]
[1048441, 657]
[1048442, 1506]
[1048443, 2355]
[1048444, 3205]
[1048445, 4054]
[1048447, 807]
[1048448, 1656]
[1048449, 2505]
[1048449, 7451]
[1048450, 4204]
[1048451, 958]
[1048451, 5904]
[1048452, 2657]
[1048452, 7603]
[1048453, 4356]
[1048454, 1110]
[1048454, 6056]
[1048455, 2809]
[1048455, 7755]
[1048456, 4508]
[1048457, 1262]
[1048457, 6208]
[1048458, 2961]
[1048458, 7907]
[1048459, 4660]
[1048460, 1414]
[1048460, 6360]
[1048461, 3113]
[1048461, 8059]
[1048462, 4812]
[1048463, 1566]
[1048463, 6512]
[1048464, 3265]
[1048465, 18]
[1048465, 4965]
[1048466, 1718]
[1048466, 6664]
[1048467, 3417]
[1048468, 170]
[1048468, 5117]
[1048469, 1870]
[1048469, 6816]
[1048470, 3569]
[1048471, 322]
[1048471, 5269]
[1048472, 2022]
[1048472, 6968]
[1048473, 3721]
[1048474, 474]
[1048474, 5421]
[1048475, 2174]
[1048475, 7120]
[1048476, 3873]
[1048477, 626]
[1048477, 5573]
[1048478, 2326]
[1048478, 7272]
[1048479, 4025]
[1048480, 778]
[1048480, 5725]
[1048481, 2478]
[1048481, 7424]
[1048482, 4177]
[1048483, 930]
[1048483, 5877]
[1048484, 2630]
[1048484, 7576]
[1048485, 4329]
[1048486, 1082]
[1048486, 6029]
[1048487, 2782]
[1048487, 7728]
[1048488, 4481]
[1048489, 1234]
[1048489, 6181]
[1048490, 2934]
[1048490, 7880]
[1048491, 4633]
[1048492, 1386]
[1048492, 6333]
[1048493, 3086]
[1048493, 8032]
[1048494, 4785]
[1048495, 1538]
[1048496, 765]
[1048496, 5711]
[1048497, 2464]
[1048497, 7410]
[1048498, 4163]
[1048499, 917]
[1048499, 5863]
[1048500, 2616]
[1048500, 7562]
[1048501, 4315]
[1048502, 1069]
[1048502, 6015]
[1048503, 2768]
[1048503, 7714]
[1048504, 4467]
[1048505, 1221]
[1048505, 6167]
[1048506, 2920]
[1048506, 7866]
[1048507, 4619]
[1048508, 1373]
[1048508, 6319]
[1048509, 3072]
[1048509, 8018]
[1048510, 4771]
[1048511, 1525]
[1048511, 6471]
[1048512, 3224]
[1048512, 8170]
[1048513, 4923]
[1048513, 9870]
[1048513, 14816]
[1048514, 3377]
[1048514, 8323]
[1048514, 13269]
[1048515, 1830]
[1048515, 6777]
[1048515, 11723]
[1048516, 284]
[1048516, 5230]
[1048516, 10176]
[1048516, 15122]
[1048517, 3683]
[1048517, 8630]
[1048517, 13576]
[1048518, 2137]
[1048518, 7083]
[1048518, 12029]
[1048519, 590]
[1048519, 5537]
[1048519, 10483]
[1048519, 15429]
[1048520, 3990]
[1048520, 8936]
[1048520, 13882]
[1048521, 2443]
[1048521, 7390]
[1048521, 12336]
[1048522, 897]
[1048522, 5843]
[1048522, 10789]
[1048522, 15735]
[1048523, 4296]
[1048523, 9243]
[1048523, 14189]
[1048524, 2750]
[1048524, 7696]
[1048524, 12642]
[1048525, 1203]
[1048525, 6150]
[1048525, 11096]
[1048525, 16042]
[1048526, 4603]
[1048526, 9549]
[1048526, 14495]
[1048527, 3056]
[1048527, 8003]
[1048527, 12949]
[1048528, 1510]
[1048528, 6456]
[1048528, 11402]
[1048528, 16348]
[1048529, 4909]
[1048529, 9856]
[1048529, 14802]
[1048530, 3363]
[1048530, 8309]
[1048530, 13255]
[1048531, 1816]
[1048531, 6763]
[1048531, 11709]
[1048532, 270]
[1048532, 5216]
[1048532, 10162]
[1048532, 15108]
[1048533, 3669]
[1048533, 8616]
[1048533, 13562]
[1048534, 2123]
[1048534, 7069]
[1048534, 12015]
[1048535, 576]
[1048535, 5523]
[1048535, 10469]
[1048535, 15415]
[1048536, 3976]
[1048536, 8922]
[1048536, 13868]
[1048537, 2429]
[1048537, 7376]
[1048537, 12322]
[1048538, 883]
[1048538, 5829]
[1048538, 10775]
[1048538, 15721]
[1048539, 4282]
[1048539, 9229]
[1048539, 14175]
[1048540, 2736]
[1048540, 7682]
[1048540, 12628]
[1048541, 1189]
[1048541, 6136]
[1048541, 11082]
[1048541, 16028]
[1048542, 4589]
[1048542, 9535]
[1048542, 14481]
[1048543, 3042]
[1048543, 7989]
[1048543, 12935]
[1048544, 1496]
[1048544, 6442]
[1048544, 11388]
[1048544, 16334]
[1048545, 7369]
[1048545, 12315]
[1048545, 17261]
[1048545, 22207]
[1048545, 27153]
[1048545, 32099]
[1048546, 4276]
[1048546, 9222]
[1048546, 14168]
[1048546, 19114]
[1048546, 24060]
[1048546, 29006]
[1048547, 1183]
[1048547, 6130]
[1048547, 11076]
[1048547, 16022]
[1048547, 20968]
[1048547, 25914]
[1048547, 30860]
[1048548, 3037]
[1048548, 7983]
[1048548, 12929]
[1048548, 17875]
[1048548, 22821]
[1048548, 27767]
[1048548, 32713]
[1048549, 4890]
[1048549, 9837]
[1048549, 14783]
[1048549, 19729]
[1048549, 24675]
[1048549, 29621]
[1048550, 1798]
[1048550, 6744]
[1048550, 11690]
[1048550, 16636]
[1048550, 21582]
[1048550, 26528]
[1048550, 31474]
[1048551, 3651]
[1048551, 8598]
[1048551, 13544]
[1048551, 18490]
[1048551, 23436]
[1048551, 28382]
[1048552, 559]
[1048552, 5505]
[1048552, 10451]
[1048552, 15397]
[1048552, 20343]
[1048552, 25289]
[1048552, 30235]
[1048553, 2412]
[1048553, 7359]
[1048553, 12305]
[1048553, 17251]
[1048553, 22197]
[1048553, 27143]
[1048553, 32089]
[1048554, 4266]
[1048554, 9212]
[1048554, 14158]
[1048554, 19104]
[1048554, 24050]
[1048554, 28996]
[1048555, 1173]
[1048555, 6120]
[1048555, 11066]
[1048555, 16012]
[1048555, 20958]
[1048555, 25904]
[1048555, 30850]
[1048556, 3027]
[1048556, 7973]
[1048556, 12919]
[1048556, 17865]
[1048556, 22811]
[1048556, 27757]
[1048556, 32703]
[1048557, 4880]
[1048557, 9827]
[1048557, 14773]
[1048557, 19719]
[1048557, 24665]
[1048557, 29611]
[1048558, 1788]
[1048558, 6734]
[1048558, 11680]
[1048558, 16626]
[1048558, 21572]
[1048558, 26518]
[1048558, 31464]
[1048559, 3641]
[1048559, 8588]
[1048559, 13534]
[1048559, 18480]
[1048559, 23426]
[1048559, 28372]
[1048560, 549]
[1048560, 5495]
[1048560, 10441]
[1048560, 15387]
[1048560, 20333]
[1048560, 25279]
[1048560, 30225]
[1048561, 2402]
[1048561, 7349]
[1048561, 12295]
[1048561, 17241]
[1048561, 22187]
[1048561, 27133]
[1048561, 32079]
[1048561, 37025]
[1048561, 41971]
[1048561, 46917]
[1048561, 51863]
[1048561, 56809]
[1048561, 61755]
[1048562, 1164]
[1048562, 6110]
[1048562, 11056]
[1048562, 16002]
[1048562, 20948]
[1048562, 25894]
[1048562, 30840]
[1048562, 35786]
[1048562, 40732]
[1048562, 45678]
[1048562, 50624]
[1048562, 55570]
[1048562, 60516]
[1048562, 65462]
[1048563, 4871]
[1048563, 12291]
[1048563, 17237]
[1048563, 22183]
[1048563, 27129]
[1048563, 32075]
[1048563, 37021]
[1048563, 41967]
[1048563, 46913]
[1048563, 51859]
[1048563, 56805]
[1048563, 61751]
[1048564, 1160]
[1048564, 6106]
[1048564, 11052]
[1048564, 15998]
[1048564, 20944]
[1048564, 25890]
[1048564, 30836]
[1048564, 35782]
[1048564, 40728]
[1048564, 45674]
[1048564, 50620]
[1048564, 55566]
[1048564, 60512]
[1048564, 65458]
[1048565, 4867]
[1048565, 9814]
[1048565, 14760]
[1048565, 19706]
[1048565, 24652]
[1048565, 29598]
[1048565, 34544]
[1048565, 39490]
[1048565, 44436]
[1048565, 49382]
[1048565, 54328]
[1048565, 59274]
[1048565, 64220]
[1048566, 3629]
[1048566, 8575]
[1048566, 13521]
[1048566, 18467]
[1048566, 23413]
[1048566, 28359]
[1048566, 33305]
[1048566, 38251]
[1048566, 43197]
[1048566, 48143]
[1048566, 53089]
[1048566, 58035]
[1048566, 62981]
[1048567, 2390]
[1048567, 7337]
[1048567, 12283]
[1048567, 17229]
[1048567, 22175]
[1048567, 27121]
[1048567, 32067]
[1048567, 37013]
[1048567, 41959]
[1048567, 46905]
[1048567, 51851]
[1048567, 56797]
[1048567, 61743]
[1048568, 1152]
[1048568, 6098]
[1048568, 11044]
[1048568, 15990]
[1048568, 20936]
[1048568, 25882]
[1048568, 30828]
[1048568, 35774]
[1048568, 40720]
[1048568, 45666]
[1048568, 50612]
[1048568, 55558]
[1048568, 60504]
[1048568, 65450]
[1048569, 4859]
[1048569, 9806]
[1048569, 14752]
[1048569, 19698]
[1048569, 24644]
[1048569, 29590]
[1048569, 34536]
[1048569, 39482]
[1048569, 44428]
[1048569, 49374]
[1048569, 54320]
[1048569, 59266]
[1048569, 64212]
[1048569, 69158]
[1048569, 74104]
[1048569, 79050]
[1048569, 83996]
[1048569, 88942]
[1048569, 93888]
[1048569, 98834]
[1048569, 103780]
[1048569, 108726]
[1048569, 113672]
[1048569, 118618]
[1048569, 123564]
[1048569, 128510]
[1048570, 2383]
[1048570, 7329]
[1048570, 12275]
[1048570, 17221]
[1048570, 22167]
[1048570, 27113]
[1048570, 32059]
[1048570, 37005]
[1048570, 41951]
[1048570, 46897]
[1048570, 51843]
[1048570, 56789]
[1048570, 61735]
[1048570, 66681]
[1048570, 71627]
[1048570, 76573]
[1048570, 81519]
[1048570, 86465]
[1048570, 91411]
[1048570, 96357]
[1048570, 101303]
[1048570, 106249]
[1048570, 111195]
[1048570, 116141]
[1048570, 121087]
[1048570, 126033]
[1048570, 130979]
[1048571, 4852]
[1048571, 9799]
[1048571, 17218]
[1048571, 22164]
[1048571, 27110]
[1048571, 32056]
[1048571, 37002]
[1048571, 41948]
[1048571, 46894]
[1048571, 51840]
[1048571, 56786]
[1048571, 61732]
[1048571, 66678]
[1048571, 71624]
[1048571, 76570]
[1048571, 81516]
[1048571, 86462]
[1048571, 91408]
[1048571, 96354]
[1048571, 101300]
[1048571, 106246]
[1048571, 111192]
[1048571, 116138]
[1048571, 121084]
[1048571, 126030]
[1048571, 130976]
[1048572, 4849]
[1048572, 9795]
[1048572, 14741]
[1048572, 19687]
[1048572, 24633]
[1048572, 29579]
[1048572, 34525]
[1048572, 39471]
[1048572, 44417]
[1048572, 49363]
[1048572, 54309]
[1048572, 59255]
[1048572, 64201]
[1048572, 69147]
[1048572, 74093]
[1048572, 79039]
[1048572, 83985]
[1048572, 88931]
[1048572, 93877]
[1048572, 98823]
[1048572, 103769]
[1048572, 108715]
[1048572, 113661]
[1048572, 118607]
[1048572, 123553]
[1048572, 128499]
[1048573, 2372]
[1048573, 7319]
[1048573, 12265]
[1048573, 17211]
[1048573, 22157]
[1048573, 27103]
[1048573, 32049]
[1048573, 36995]
[1048573, 41941]
[1048573, 46887]
[1048573, 51833]
[1048573, 56779]
[1048573, 61725]
[1048573, 66671]
[1048573, 71617]
[1048573, 76563]
[1048573, 81509]
[1048573, 86455]
[1048573, 91401]
[1048573, 96347]
[1048573, 101293]
[1048573, 106239]
[1048573, 111185]
[1048573, 116131]
[1048573, 121077]
[1048573, 126023]
[1048573, 130969]
[1048573, 135915]
[1048573, 140861]
[1048573, 145807]
[1048573, 150753]
[1048573, 155699]
[1048573, 160645]
[1048573, 165591]
[1048573, 170537]
[1048573, 175483]
[1048573, 180429]
[1048573, 185375]
[1048573, 190321]
[1048573, 195267]
[1048573, 200213]
[1048573, 205159]
[1048573, 210105]
[1048573, 215051]
[1048573, 219997]
[1048573, 224943]
[1048573, 229889]
[1048573, 234835]
[1048573, 239781]
[1048573, 244727]
[1048573, 249673]
[1048573, 254619]
[1048573, 259565]
[1048574, 2366]
[1048574, 7312]
[1048574, 12258]
[1048574, 17204]
[1048574, 22150]
[1048574, 27096]
[1048574, 32042]
[1048574, 36988]
[1048574, 41934]
[1048574, 46880]
[1048574, 51826]
[1048574, 56772]
[1048574, 61718]
[1048574, 66664]
[1048574, 71610]
[1048574, 76556]
[1048574, 81502]
[1048574, 86448]
[1048574, 91394]
[1048574, 96340]
[1048574, 103759]
[1048574, 108705]
[1048574, 113651]
[1048574, 118597]
[1048574, 123543]
[1048574, 128489]
[1048574, 133435]
[1048574, 138381]
[1048574, 143327]
[1048574, 148273]
[1048574, 153219]
[1048574, 158165]
[1048574, 163111]
[1048574, 168057]
[1048574, 173003]
[1048574, 177949]
[1048574, 182895]
[1048574, 187841]
[1048574, 192787]
[1048574, 197733]
[1048574, 202679]
[1048574, 207625]
[1048574, 212571]
[1048574, 217517]
[1048574, 222463]
[1048574, 227409]
[1048574, 232355]
[1048574, 237301]
[1048574, 242247]
[1048574, 247193]
[1048574, 252139]
[1048574, 257085]
[1048574, 262031]
[1048575, 4832]
[1048575, 9779]
[1048575, 14725]
[1048575, 19671]
[1048575, 24617]
[1048575, 29563]
[1048575, 34509]
[1048575, 39455]
[1048575, 44401]
[1048575, 49347]
[1048575, 54293]
[1048575, 59239]
[1048575, 64185]
[1048575, 69131]
[1048575, 74077]
[1048575, 79023]
[1048575, 83969]
[1048575, 88915]
[1048575, 93861]
[1048575, 98807]
[1048575, 103753]
[1048575, 108699]
[1048575, 113645]
[1048575, 118591]
[1048575, 123537]
[1048575, 128483]
[1048575, 133429]
[1048575, 138375]
[1048575, 143321]
[1048575, 148267]
[1048575, 153213]
[1048575, 158159]
[1048575, 163105]
[1048575, 168051]
[1048575, 172997]
[1048575, 177943]
[1048575, 182889]
[1048575, 187835]
[1048575, 192781]
[1048575, 197727]
[1048575, 202673]
[1048575, 207619]
[1048575, 212565]
[1048575, 217511]
[1048575, 222457]
[1048575, 227403]
[1048575, 232349]
[1048575, 237295]
[1048575, 242241]
[1048575, 247187]
[1048575, 252133]
[1048575, 257079]
[1048575, 262025]
[1048575, 266971]
[1048575, 271917]
[1048575, 276863]
[1048575, 281809]
[1048575, 286755]
[1048575, 291701]
[1048575, 296647]
[1048575, 301593]
[1048575, 306539]
[1048575, 311485]
[1048575, 316431]
[1048575, 321377]
[1048575, 326323]
[1048575, 331269]
[1048575, 336215]
[1048575, 341161]
[1048575, 346107]
[1048575, 351053]
[1048575, 355999]
[1048575, 360945]
[1048575, 365891]
[1048575, 370837]
[1048575, 375783]
[1048575, 380729]
[1048575, 385675]
[1048575, 390621]
[1048575, 395567]
[1048575, 400513]
[1048575, 405459]
[1048575, 410405]
[1048575, 415351]
[1048575, 420297]
[1048575, 425243]
[1048575, 430189]
[1048575, 435135]
[1048575, 440081]
[1048575, 445027]
[1048575, 449973]
[1048575, 454919]
[1048575, 459865]
[1048575, 464811]
[1048575, 469757]
[1048575, 474703]
[1048575, 479649]
[1048575, 484595]
[1048575, 489541]
[1048575, 494487]
[1048575, 499433]
[1048575, 504379]
[1048575, 509325]
[1048575, 514271]
[1048575, 521690]